[2022-05-14 18:08:52,265] {processor.py:153} INFO - Started process (PID=56) to work on /home/airflow/.local/lib/python3.7/site-packages/airflow/example_dags/example_branch_operator_decorator.py
[2022-05-14 18:08:52,266] {processor.py:641} INFO - Processing file /home/airflow/.local/lib/python3.7/site-packages/airflow/example_dags/example_branch_operator_decorator.py for tasks to queue
[2022-05-14 18:08:52,268] {logging_mixin.py:115} INFO - [2022-05-14 18:08:52,268] {dagbag.py:507} INFO - Filling up the DagBag from /home/airflow/.local/lib/python3.7/site-packages/airflow/example_dags/example_branch_operator_decorator.py
[2022-05-14 18:08:52,292] {processor.py:651} INFO - DAG(s) dict_keys(['example_branch_python_operator_decorator']) retrieved from /home/airflow/.local/lib/python3.7/site-packages/airflow/example_dags/example_branch_operator_decorator.py
[2022-05-14 18:08:52,629] {logging_mixin.py:115} INFO - [2022-05-14 18:08:52,629] {manager.py:508} INFO - Created Permission View: can read on DAG:example_branch_python_operator_decorator
[2022-05-14 18:08:52,654] {logging_mixin.py:115} INFO - [2022-05-14 18:08:52,654] {manager.py:508} INFO - Created Permission View: can edit on DAG:example_branch_python_operator_decorator
[2022-05-14 18:08:52,673] {logging_mixin.py:115} INFO - [2022-05-14 18:08:52,673] {manager.py:508} INFO - Created Permission View: can delete on DAG:example_branch_python_operator_decorator
[2022-05-14 18:08:52,674] {logging_mixin.py:115} INFO - [2022-05-14 18:08:52,674] {dag.py:2371} INFO - Sync 1 DAGs
[2022-05-14 18:08:52,688] {logging_mixin.py:115} INFO - [2022-05-14 18:08:52,688] {dag.py:2390} INFO - Creating ORM DAG for example_branch_python_operator_decorator
[2022-05-14 18:08:52,708] {logging_mixin.py:115} INFO - [2022-05-14 18:08:52,708] {dag.py:2919} INFO - Setting next_dagrun for example_branch_python_operator_decorator to 2022-05-13T00:00:00+00:00, run_after=2022-05-14T00:00:00+00:00
[2022-05-14 18:08:52,741] {processor.py:161} INFO - Processing /home/airflow/.local/lib/python3.7/site-packages/airflow/example_dags/example_branch_operator_decorator.py took 0.478 seconds
[2022-05-14 18:09:23,307] {processor.py:153} INFO - Started process (PID=118) to work on /home/airflow/.local/lib/python3.7/site-packages/airflow/example_dags/example_branch_operator_decorator.py
[2022-05-14 18:09:23,308] {processor.py:641} INFO - Processing file /home/airflow/.local/lib/python3.7/site-packages/airflow/example_dags/example_branch_operator_decorator.py for tasks to queue
[2022-05-14 18:09:23,309] {logging_mixin.py:115} INFO - [2022-05-14 18:09:23,309] {dagbag.py:507} INFO - Filling up the DagBag from /home/airflow/.local/lib/python3.7/site-packages/airflow/example_dags/example_branch_operator_decorator.py
[2022-05-14 18:09:23,328] {processor.py:651} INFO - DAG(s) dict_keys(['example_branch_python_operator_decorator']) retrieved from /home/airflow/.local/lib/python3.7/site-packages/airflow/example_dags/example_branch_operator_decorator.py
[2022-05-14 18:09:23,374] {logging_mixin.py:115} INFO - [2022-05-14 18:09:23,374] {dag.py:2371} INFO - Sync 1 DAGs
[2022-05-14 18:09:23,579] {logging_mixin.py:115} INFO - [2022-05-14 18:09:23,579] {dag.py:2919} INFO - Setting next_dagrun for example_branch_python_operator_decorator to 2022-05-13T00:00:00+00:00, run_after=2022-05-14T00:00:00+00:00
[2022-05-14 18:09:23,599] {processor.py:161} INFO - Processing /home/airflow/.local/lib/python3.7/site-packages/airflow/example_dags/example_branch_operator_decorator.py took 0.295 seconds
[2022-05-14 18:09:53,886] {processor.py:153} INFO - Started process (PID=171) to work on /home/airflow/.local/lib/python3.7/site-packages/airflow/example_dags/example_branch_operator_decorator.py
[2022-05-14 18:09:53,887] {processor.py:641} INFO - Processing file /home/airflow/.local/lib/python3.7/site-packages/airflow/example_dags/example_branch_operator_decorator.py for tasks to queue
[2022-05-14 18:09:53,888] {logging_mixin.py:115} INFO - [2022-05-14 18:09:53,888] {dagbag.py:507} INFO - Filling up the DagBag from /home/airflow/.local/lib/python3.7/site-packages/airflow/example_dags/example_branch_operator_decorator.py
[2022-05-14 18:09:53,912] {processor.py:651} INFO - DAG(s) dict_keys(['example_branch_python_operator_decorator']) retrieved from /home/airflow/.local/lib/python3.7/site-packages/airflow/example_dags/example_branch_operator_decorator.py
[2022-05-14 18:09:53,952] {logging_mixin.py:115} INFO - [2022-05-14 18:09:53,952] {dag.py:2371} INFO - Sync 1 DAGs
[2022-05-14 18:09:54,125] {logging_mixin.py:115} INFO - [2022-05-14 18:09:54,125] {dag.py:2919} INFO - Setting next_dagrun for example_branch_python_operator_decorator to 2022-05-13T00:00:00+00:00, run_after=2022-05-14T00:00:00+00:00
[2022-05-14 18:09:54,142] {processor.py:161} INFO - Processing /home/airflow/.local/lib/python3.7/site-packages/airflow/example_dags/example_branch_operator_decorator.py took 0.259 seconds
[2022-05-14 18:10:25,010] {processor.py:153} INFO - Started process (PID=234) to work on /home/airflow/.local/lib/python3.7/site-packages/airflow/example_dags/example_branch_operator_decorator.py
[2022-05-14 18:10:25,011] {processor.py:641} INFO - Processing file /home/airflow/.local/lib/python3.7/site-packages/airflow/example_dags/example_branch_operator_decorator.py for tasks to queue
[2022-05-14 18:10:25,012] {logging_mixin.py:115} INFO - [2022-05-14 18:10:25,012] {dagbag.py:507} INFO - Filling up the DagBag from /home/airflow/.local/lib/python3.7/site-packages/airflow/example_dags/example_branch_operator_decorator.py
[2022-05-14 18:10:25,031] {processor.py:651} INFO - DAG(s) dict_keys(['example_branch_python_operator_decorator']) retrieved from /home/airflow/.local/lib/python3.7/site-packages/airflow/example_dags/example_branch_operator_decorator.py
[2022-05-14 18:10:25,066] {logging_mixin.py:115} INFO - [2022-05-14 18:10:25,066] {dag.py:2371} INFO - Sync 1 DAGs
[2022-05-14 18:10:25,228] {logging_mixin.py:115} INFO - [2022-05-14 18:10:25,228] {dag.py:2919} INFO - Setting next_dagrun for example_branch_python_operator_decorator to 2022-05-13T00:00:00+00:00, run_after=2022-05-14T00:00:00+00:00
[2022-05-14 18:10:25,244] {processor.py:161} INFO - Processing /home/airflow/.local/lib/python3.7/site-packages/airflow/example_dags/example_branch_operator_decorator.py took 0.236 seconds
[2022-05-14 18:10:55,384] {processor.py:153} INFO - Started process (PID=287) to work on /home/airflow/.local/lib/python3.7/site-packages/airflow/example_dags/example_branch_operator_decorator.py
[2022-05-14 18:10:55,386] {processor.py:641} INFO - Processing file /home/airflow/.local/lib/python3.7/site-packages/airflow/example_dags/example_branch_operator_decorator.py for tasks to queue
[2022-05-14 18:10:55,386] {logging_mixin.py:115} INFO - [2022-05-14 18:10:55,386] {dagbag.py:507} INFO - Filling up the DagBag from /home/airflow/.local/lib/python3.7/site-packages/airflow/example_dags/example_branch_operator_decorator.py
[2022-05-14 18:10:55,412] {processor.py:651} INFO - DAG(s) dict_keys(['example_branch_python_operator_decorator']) retrieved from /home/airflow/.local/lib/python3.7/site-packages/airflow/example_dags/example_branch_operator_decorator.py
[2022-05-14 18:10:55,449] {logging_mixin.py:115} INFO - [2022-05-14 18:10:55,449] {dag.py:2371} INFO - Sync 1 DAGs
[2022-05-14 18:10:55,611] {logging_mixin.py:115} INFO - [2022-05-14 18:10:55,611] {dag.py:2919} INFO - Setting next_dagrun for example_branch_python_operator_decorator to 2022-05-13T00:00:00+00:00, run_after=2022-05-14T00:00:00+00:00
[2022-05-14 18:10:55,646] {processor.py:161} INFO - Processing /home/airflow/.local/lib/python3.7/site-packages/airflow/example_dags/example_branch_operator_decorator.py took 0.264 seconds
[2022-05-14 18:11:25,789] {processor.py:153} INFO - Started process (PID=348) to work on /home/airflow/.local/lib/python3.7/site-packages/airflow/example_dags/example_branch_operator_decorator.py
[2022-05-14 18:11:25,790] {processor.py:641} INFO - Processing file /home/airflow/.local/lib/python3.7/site-packages/airflow/example_dags/example_branch_operator_decorator.py for tasks to queue
[2022-05-14 18:11:25,791] {logging_mixin.py:115} INFO - [2022-05-14 18:11:25,791] {dagbag.py:507} INFO - Filling up the DagBag from /home/airflow/.local/lib/python3.7/site-packages/airflow/example_dags/example_branch_operator_decorator.py
[2022-05-14 18:11:25,811] {processor.py:651} INFO - DAG(s) dict_keys(['example_branch_python_operator_decorator']) retrieved from /home/airflow/.local/lib/python3.7/site-packages/airflow/example_dags/example_branch_operator_decorator.py
[2022-05-14 18:11:25,846] {logging_mixin.py:115} INFO - [2022-05-14 18:11:25,846] {dag.py:2371} INFO - Sync 1 DAGs
[2022-05-14 18:11:26,029] {logging_mixin.py:115} INFO - [2022-05-14 18:11:26,029] {dag.py:2919} INFO - Setting next_dagrun for example_branch_python_operator_decorator to 2022-05-13T00:00:00+00:00, run_after=2022-05-14T00:00:00+00:00
[2022-05-14 18:11:26,047] {processor.py:161} INFO - Processing /home/airflow/.local/lib/python3.7/site-packages/airflow/example_dags/example_branch_operator_decorator.py took 0.260 seconds
[2022-05-14 18:11:56,405] {processor.py:153} INFO - Started process (PID=401) to work on /home/airflow/.local/lib/python3.7/site-packages/airflow/example_dags/example_branch_operator_decorator.py
[2022-05-14 18:11:56,406] {processor.py:641} INFO - Processing file /home/airflow/.local/lib/python3.7/site-packages/airflow/example_dags/example_branch_operator_decorator.py for tasks to queue
[2022-05-14 18:11:56,408] {logging_mixin.py:115} INFO - [2022-05-14 18:11:56,408] {dagbag.py:507} INFO - Filling up the DagBag from /home/airflow/.local/lib/python3.7/site-packages/airflow/example_dags/example_branch_operator_decorator.py
[2022-05-14 18:11:56,431] {processor.py:651} INFO - DAG(s) dict_keys(['example_branch_python_operator_decorator']) retrieved from /home/airflow/.local/lib/python3.7/site-packages/airflow/example_dags/example_branch_operator_decorator.py
[2022-05-14 18:11:56,477] {logging_mixin.py:115} INFO - [2022-05-14 18:11:56,477] {dag.py:2371} INFO - Sync 1 DAGs
[2022-05-14 18:11:56,637] {logging_mixin.py:115} INFO - [2022-05-14 18:11:56,637] {dag.py:2919} INFO - Setting next_dagrun for example_branch_python_operator_decorator to 2022-05-13T00:00:00+00:00, run_after=2022-05-14T00:00:00+00:00
[2022-05-14 18:11:56,653] {processor.py:161} INFO - Processing /home/airflow/.local/lib/python3.7/site-packages/airflow/example_dags/example_branch_operator_decorator.py took 0.253 seconds
[2022-05-14 18:12:27,146] {processor.py:153} INFO - Started process (PID=464) to work on /home/airflow/.local/lib/python3.7/site-packages/airflow/example_dags/example_branch_operator_decorator.py
[2022-05-14 18:12:27,147] {processor.py:641} INFO - Processing file /home/airflow/.local/lib/python3.7/site-packages/airflow/example_dags/example_branch_operator_decorator.py for tasks to queue
[2022-05-14 18:12:27,148] {logging_mixin.py:115} INFO - [2022-05-14 18:12:27,148] {dagbag.py:507} INFO - Filling up the DagBag from /home/airflow/.local/lib/python3.7/site-packages/airflow/example_dags/example_branch_operator_decorator.py
[2022-05-14 18:12:27,175] {processor.py:651} INFO - DAG(s) dict_keys(['example_branch_python_operator_decorator']) retrieved from /home/airflow/.local/lib/python3.7/site-packages/airflow/example_dags/example_branch_operator_decorator.py
[2022-05-14 18:12:27,206] {logging_mixin.py:115} INFO - [2022-05-14 18:12:27,206] {dag.py:2371} INFO - Sync 1 DAGs
[2022-05-14 18:12:27,373] {logging_mixin.py:115} INFO - [2022-05-14 18:12:27,373] {dag.py:2919} INFO - Setting next_dagrun for example_branch_python_operator_decorator to 2022-05-13T00:00:00+00:00, run_after=2022-05-14T00:00:00+00:00
[2022-05-14 18:12:27,389] {processor.py:161} INFO - Processing /home/airflow/.local/lib/python3.7/site-packages/airflow/example_dags/example_branch_operator_decorator.py took 0.246 seconds
[2022-05-14 18:12:57,797] {processor.py:153} INFO - Started process (PID=527) to work on /home/airflow/.local/lib/python3.7/site-packages/airflow/example_dags/example_branch_operator_decorator.py
[2022-05-14 18:12:57,798] {processor.py:641} INFO - Processing file /home/airflow/.local/lib/python3.7/site-packages/airflow/example_dags/example_branch_operator_decorator.py for tasks to queue
[2022-05-14 18:12:57,799] {logging_mixin.py:115} INFO - [2022-05-14 18:12:57,799] {dagbag.py:507} INFO - Filling up the DagBag from /home/airflow/.local/lib/python3.7/site-packages/airflow/example_dags/example_branch_operator_decorator.py
[2022-05-14 18:12:57,831] {processor.py:651} INFO - DAG(s) dict_keys(['example_branch_python_operator_decorator']) retrieved from /home/airflow/.local/lib/python3.7/site-packages/airflow/example_dags/example_branch_operator_decorator.py
[2022-05-14 18:12:57,887] {logging_mixin.py:115} INFO - [2022-05-14 18:12:57,886] {dag.py:2371} INFO - Sync 1 DAGs
[2022-05-14 18:12:58,103] {logging_mixin.py:115} INFO - [2022-05-14 18:12:58,103] {dag.py:2919} INFO - Setting next_dagrun for example_branch_python_operator_decorator to 2022-05-13T00:00:00+00:00, run_after=2022-05-14T00:00:00+00:00
[2022-05-14 18:12:58,129] {processor.py:161} INFO - Processing /home/airflow/.local/lib/python3.7/site-packages/airflow/example_dags/example_branch_operator_decorator.py took 0.336 seconds
[2022-05-14 18:13:29,005] {processor.py:153} INFO - Started process (PID=580) to work on /home/airflow/.local/lib/python3.7/site-packages/airflow/example_dags/example_branch_operator_decorator.py
[2022-05-14 18:13:29,006] {processor.py:641} INFO - Processing file /home/airflow/.local/lib/python3.7/site-packages/airflow/example_dags/example_branch_operator_decorator.py for tasks to queue
[2022-05-14 18:13:29,008] {logging_mixin.py:115} INFO - [2022-05-14 18:13:29,007] {dagbag.py:507} INFO - Filling up the DagBag from /home/airflow/.local/lib/python3.7/site-packages/airflow/example_dags/example_branch_operator_decorator.py
[2022-05-14 18:13:29,029] {processor.py:651} INFO - DAG(s) dict_keys(['example_branch_python_operator_decorator']) retrieved from /home/airflow/.local/lib/python3.7/site-packages/airflow/example_dags/example_branch_operator_decorator.py
[2022-05-14 18:13:29,077] {logging_mixin.py:115} INFO - [2022-05-14 18:13:29,077] {dag.py:2371} INFO - Sync 1 DAGs
[2022-05-14 18:13:29,253] {logging_mixin.py:115} INFO - [2022-05-14 18:13:29,252] {dag.py:2919} INFO - Setting next_dagrun for example_branch_python_operator_decorator to 2022-05-13T00:00:00+00:00, run_after=2022-05-14T00:00:00+00:00
[2022-05-14 18:13:29,278] {processor.py:161} INFO - Processing /home/airflow/.local/lib/python3.7/site-packages/airflow/example_dags/example_branch_operator_decorator.py took 0.275 seconds
[2022-05-14 18:13:59,761] {processor.py:153} INFO - Started process (PID=644) to work on /home/airflow/.local/lib/python3.7/site-packages/airflow/example_dags/example_branch_operator_decorator.py
[2022-05-14 18:13:59,762] {processor.py:641} INFO - Processing file /home/airflow/.local/lib/python3.7/site-packages/airflow/example_dags/example_branch_operator_decorator.py for tasks to queue
[2022-05-14 18:13:59,762] {logging_mixin.py:115} INFO - [2022-05-14 18:13:59,762] {dagbag.py:507} INFO - Filling up the DagBag from /home/airflow/.local/lib/python3.7/site-packages/airflow/example_dags/example_branch_operator_decorator.py
[2022-05-14 18:13:59,784] {processor.py:651} INFO - DAG(s) dict_keys(['example_branch_python_operator_decorator']) retrieved from /home/airflow/.local/lib/python3.7/site-packages/airflow/example_dags/example_branch_operator_decorator.py
[2022-05-14 18:13:59,925] {logging_mixin.py:115} INFO - [2022-05-14 18:13:59,925] {dag.py:2371} INFO - Sync 1 DAGs
[2022-05-14 18:13:59,953] {logging_mixin.py:115} INFO - [2022-05-14 18:13:59,953] {dag.py:2919} INFO - Setting next_dagrun for example_branch_python_operator_decorator to 2022-05-13T00:00:00+00:00, run_after=2022-05-14T00:00:00+00:00
[2022-05-14 18:14:00,153] {processor.py:161} INFO - Processing /home/airflow/.local/lib/python3.7/site-packages/airflow/example_dags/example_branch_operator_decorator.py took 0.395 seconds
[2022-05-14 18:14:35,604] {processor.py:153} INFO - Started process (PID=698) to work on /home/airflow/.local/lib/python3.7/site-packages/airflow/example_dags/example_branch_operator_decorator.py
[2022-05-14 18:14:35,605] {processor.py:641} INFO - Processing file /home/airflow/.local/lib/python3.7/site-packages/airflow/example_dags/example_branch_operator_decorator.py for tasks to queue
[2022-05-14 18:14:35,606] {logging_mixin.py:115} INFO - [2022-05-14 18:14:35,606] {dagbag.py:507} INFO - Filling up the DagBag from /home/airflow/.local/lib/python3.7/site-packages/airflow/example_dags/example_branch_operator_decorator.py
[2022-05-14 18:14:35,625] {processor.py:651} INFO - DAG(s) dict_keys(['example_branch_python_operator_decorator']) retrieved from /home/airflow/.local/lib/python3.7/site-packages/airflow/example_dags/example_branch_operator_decorator.py
[2022-05-14 18:14:35,770] {logging_mixin.py:115} INFO - [2022-05-14 18:14:35,770] {dag.py:2371} INFO - Sync 1 DAGs
[2022-05-14 18:14:35,796] {logging_mixin.py:115} INFO - [2022-05-14 18:14:35,796] {dag.py:2919} INFO - Setting next_dagrun for example_branch_python_operator_decorator to 2022-05-13T00:00:00+00:00, run_after=2022-05-14T00:00:00+00:00
[2022-05-14 18:14:36,487] {processor.py:161} INFO - Processing /home/airflow/.local/lib/python3.7/site-packages/airflow/example_dags/example_branch_operator_decorator.py took 0.886 seconds
[2022-05-14 18:15:06,622] {processor.py:153} INFO - Started process (PID=753) to work on /home/airflow/.local/lib/python3.7/site-packages/airflow/example_dags/example_branch_operator_decorator.py
[2022-05-14 18:15:06,623] {processor.py:641} INFO - Processing file /home/airflow/.local/lib/python3.7/site-packages/airflow/example_dags/example_branch_operator_decorator.py for tasks to queue
[2022-05-14 18:15:06,624] {logging_mixin.py:115} INFO - [2022-05-14 18:15:06,623] {dagbag.py:507} INFO - Filling up the DagBag from /home/airflow/.local/lib/python3.7/site-packages/airflow/example_dags/example_branch_operator_decorator.py
[2022-05-14 18:15:06,651] {processor.py:651} INFO - DAG(s) dict_keys(['example_branch_python_operator_decorator']) retrieved from /home/airflow/.local/lib/python3.7/site-packages/airflow/example_dags/example_branch_operator_decorator.py
[2022-05-14 18:15:06,858] {logging_mixin.py:115} INFO - [2022-05-14 18:15:06,857] {dag.py:2371} INFO - Sync 1 DAGs
[2022-05-14 18:15:06,882] {logging_mixin.py:115} INFO - [2022-05-14 18:15:06,881] {dag.py:2919} INFO - Setting next_dagrun for example_branch_python_operator_decorator to 2022-05-13T00:00:00+00:00, run_after=2022-05-14T00:00:00+00:00
[2022-05-14 18:15:06,920] {processor.py:161} INFO - Processing /home/airflow/.local/lib/python3.7/site-packages/airflow/example_dags/example_branch_operator_decorator.py took 0.301 seconds
[2022-05-14 18:15:37,175] {processor.py:153} INFO - Started process (PID=818) to work on /home/airflow/.local/lib/python3.7/site-packages/airflow/example_dags/example_branch_operator_decorator.py
[2022-05-14 18:15:37,176] {processor.py:641} INFO - Processing file /home/airflow/.local/lib/python3.7/site-packages/airflow/example_dags/example_branch_operator_decorator.py for tasks to queue
[2022-05-14 18:15:37,177] {logging_mixin.py:115} INFO - [2022-05-14 18:15:37,177] {dagbag.py:507} INFO - Filling up the DagBag from /home/airflow/.local/lib/python3.7/site-packages/airflow/example_dags/example_branch_operator_decorator.py
[2022-05-14 18:15:37,196] {processor.py:651} INFO - DAG(s) dict_keys(['example_branch_python_operator_decorator']) retrieved from /home/airflow/.local/lib/python3.7/site-packages/airflow/example_dags/example_branch_operator_decorator.py
[2022-05-14 18:15:37,322] {logging_mixin.py:115} INFO - [2022-05-14 18:15:37,322] {dag.py:2371} INFO - Sync 1 DAGs
[2022-05-14 18:15:37,344] {logging_mixin.py:115} INFO - [2022-05-14 18:15:37,344] {dag.py:2919} INFO - Setting next_dagrun for example_branch_python_operator_decorator to 2022-05-13T00:00:00+00:00, run_after=2022-05-14T00:00:00+00:00
[2022-05-14 18:15:37,376] {processor.py:161} INFO - Processing /home/airflow/.local/lib/python3.7/site-packages/airflow/example_dags/example_branch_operator_decorator.py took 0.203 seconds
[2022-05-14 18:16:08,176] {processor.py:153} INFO - Started process (PID=873) to work on /home/airflow/.local/lib/python3.7/site-packages/airflow/example_dags/example_branch_operator_decorator.py
[2022-05-14 18:16:08,178] {processor.py:641} INFO - Processing file /home/airflow/.local/lib/python3.7/site-packages/airflow/example_dags/example_branch_operator_decorator.py for tasks to queue
[2022-05-14 18:16:08,178] {logging_mixin.py:115} INFO - [2022-05-14 18:16:08,178] {dagbag.py:507} INFO - Filling up the DagBag from /home/airflow/.local/lib/python3.7/site-packages/airflow/example_dags/example_branch_operator_decorator.py
[2022-05-14 18:16:08,206] {processor.py:651} INFO - DAG(s) dict_keys(['example_branch_python_operator_decorator']) retrieved from /home/airflow/.local/lib/python3.7/site-packages/airflow/example_dags/example_branch_operator_decorator.py
[2022-05-14 18:16:08,373] {logging_mixin.py:115} INFO - [2022-05-14 18:16:08,373] {dag.py:2371} INFO - Sync 1 DAGs
[2022-05-14 18:16:08,399] {logging_mixin.py:115} INFO - [2022-05-14 18:16:08,399] {dag.py:2919} INFO - Setting next_dagrun for example_branch_python_operator_decorator to 2022-05-13T00:00:00+00:00, run_after=2022-05-14T00:00:00+00:00
[2022-05-14 18:16:08,453] {processor.py:161} INFO - Processing /home/airflow/.local/lib/python3.7/site-packages/airflow/example_dags/example_branch_operator_decorator.py took 0.280 seconds
[2022-05-14 18:16:38,565] {processor.py:153} INFO - Started process (PID=936) to work on /home/airflow/.local/lib/python3.7/site-packages/airflow/example_dags/example_branch_operator_decorator.py
[2022-05-14 18:16:38,565] {processor.py:641} INFO - Processing file /home/airflow/.local/lib/python3.7/site-packages/airflow/example_dags/example_branch_operator_decorator.py for tasks to queue
[2022-05-14 18:16:38,566] {logging_mixin.py:115} INFO - [2022-05-14 18:16:38,566] {dagbag.py:507} INFO - Filling up the DagBag from /home/airflow/.local/lib/python3.7/site-packages/airflow/example_dags/example_branch_operator_decorator.py
[2022-05-14 18:16:38,588] {processor.py:651} INFO - DAG(s) dict_keys(['example_branch_python_operator_decorator']) retrieved from /home/airflow/.local/lib/python3.7/site-packages/airflow/example_dags/example_branch_operator_decorator.py
[2022-05-14 18:16:38,744] {logging_mixin.py:115} INFO - [2022-05-14 18:16:38,744] {dag.py:2371} INFO - Sync 1 DAGs
[2022-05-14 18:16:38,770] {logging_mixin.py:115} INFO - [2022-05-14 18:16:38,770] {dag.py:2919} INFO - Setting next_dagrun for example_branch_python_operator_decorator to 2022-05-13T00:00:00+00:00, run_after=2022-05-14T00:00:00+00:00
[2022-05-14 18:16:38,785] {processor.py:161} INFO - Processing /home/airflow/.local/lib/python3.7/site-packages/airflow/example_dags/example_branch_operator_decorator.py took 0.223 seconds
[2022-05-14 18:17:08,997] {processor.py:153} INFO - Started process (PID=991) to work on /home/airflow/.local/lib/python3.7/site-packages/airflow/example_dags/example_branch_operator_decorator.py
[2022-05-14 18:17:08,998] {processor.py:641} INFO - Processing file /home/airflow/.local/lib/python3.7/site-packages/airflow/example_dags/example_branch_operator_decorator.py for tasks to queue
[2022-05-14 18:17:08,999] {logging_mixin.py:115} INFO - [2022-05-14 18:17:08,999] {dagbag.py:507} INFO - Filling up the DagBag from /home/airflow/.local/lib/python3.7/site-packages/airflow/example_dags/example_branch_operator_decorator.py
[2022-05-14 18:17:09,028] {processor.py:651} INFO - DAG(s) dict_keys(['example_branch_python_operator_decorator']) retrieved from /home/airflow/.local/lib/python3.7/site-packages/airflow/example_dags/example_branch_operator_decorator.py
[2022-05-14 18:17:09,167] {logging_mixin.py:115} INFO - [2022-05-14 18:17:09,167] {dag.py:2371} INFO - Sync 1 DAGs
[2022-05-14 18:17:09,193] {logging_mixin.py:115} INFO - [2022-05-14 18:17:09,193] {dag.py:2919} INFO - Setting next_dagrun for example_branch_python_operator_decorator to 2022-05-13T00:00:00+00:00, run_after=2022-05-14T00:00:00+00:00
[2022-05-14 18:17:09,207] {processor.py:161} INFO - Processing /home/airflow/.local/lib/python3.7/site-packages/airflow/example_dags/example_branch_operator_decorator.py took 0.214 seconds
[2022-05-14 18:17:39,414] {processor.py:153} INFO - Started process (PID=1054) to work on /home/airflow/.local/lib/python3.7/site-packages/airflow/example_dags/example_branch_operator_decorator.py
[2022-05-14 18:17:39,414] {processor.py:641} INFO - Processing file /home/airflow/.local/lib/python3.7/site-packages/airflow/example_dags/example_branch_operator_decorator.py for tasks to queue
[2022-05-14 18:17:39,415] {logging_mixin.py:115} INFO - [2022-05-14 18:17:39,415] {dagbag.py:507} INFO - Filling up the DagBag from /home/airflow/.local/lib/python3.7/site-packages/airflow/example_dags/example_branch_operator_decorator.py
[2022-05-14 18:17:39,444] {processor.py:651} INFO - DAG(s) dict_keys(['example_branch_python_operator_decorator']) retrieved from /home/airflow/.local/lib/python3.7/site-packages/airflow/example_dags/example_branch_operator_decorator.py
[2022-05-14 18:17:39,600] {logging_mixin.py:115} INFO - [2022-05-14 18:17:39,600] {dag.py:2371} INFO - Sync 1 DAGs
[2022-05-14 18:17:39,631] {logging_mixin.py:115} INFO - [2022-05-14 18:17:39,631] {dag.py:2919} INFO - Setting next_dagrun for example_branch_python_operator_decorator to 2022-05-13T00:00:00+00:00, run_after=2022-05-14T00:00:00+00:00
[2022-05-14 18:17:39,649] {processor.py:161} INFO - Processing /home/airflow/.local/lib/python3.7/site-packages/airflow/example_dags/example_branch_operator_decorator.py took 0.238 seconds
[2022-05-14 18:18:09,739] {processor.py:153} INFO - Started process (PID=1117) to work on /home/airflow/.local/lib/python3.7/site-packages/airflow/example_dags/example_branch_operator_decorator.py
[2022-05-14 18:18:09,740] {processor.py:641} INFO - Processing file /home/airflow/.local/lib/python3.7/site-packages/airflow/example_dags/example_branch_operator_decorator.py for tasks to queue
[2022-05-14 18:18:09,741] {logging_mixin.py:115} INFO - [2022-05-14 18:18:09,741] {dagbag.py:507} INFO - Filling up the DagBag from /home/airflow/.local/lib/python3.7/site-packages/airflow/example_dags/example_branch_operator_decorator.py
[2022-05-14 18:18:09,778] {processor.py:651} INFO - DAG(s) dict_keys(['example_branch_python_operator_decorator']) retrieved from /home/airflow/.local/lib/python3.7/site-packages/airflow/example_dags/example_branch_operator_decorator.py
[2022-05-14 18:18:09,925] {logging_mixin.py:115} INFO - [2022-05-14 18:18:09,925] {dag.py:2371} INFO - Sync 1 DAGs
[2022-05-14 18:18:09,949] {logging_mixin.py:115} INFO - [2022-05-14 18:18:09,949] {dag.py:2919} INFO - Setting next_dagrun for example_branch_python_operator_decorator to 2022-05-13T00:00:00+00:00, run_after=2022-05-14T00:00:00+00:00
[2022-05-14 18:18:09,963] {processor.py:161} INFO - Processing /home/airflow/.local/lib/python3.7/site-packages/airflow/example_dags/example_branch_operator_decorator.py took 0.227 seconds
[2022-05-14 18:18:40,424] {processor.py:153} INFO - Started process (PID=1172) to work on /home/airflow/.local/lib/python3.7/site-packages/airflow/example_dags/example_branch_operator_decorator.py
[2022-05-14 18:18:40,424] {processor.py:641} INFO - Processing file /home/airflow/.local/lib/python3.7/site-packages/airflow/example_dags/example_branch_operator_decorator.py for tasks to queue
[2022-05-14 18:18:40,425] {logging_mixin.py:115} INFO - [2022-05-14 18:18:40,425] {dagbag.py:507} INFO - Filling up the DagBag from /home/airflow/.local/lib/python3.7/site-packages/airflow/example_dags/example_branch_operator_decorator.py
[2022-05-14 18:18:40,456] {processor.py:651} INFO - DAG(s) dict_keys(['example_branch_python_operator_decorator']) retrieved from /home/airflow/.local/lib/python3.7/site-packages/airflow/example_dags/example_branch_operator_decorator.py
[2022-05-14 18:18:40,621] {logging_mixin.py:115} INFO - [2022-05-14 18:18:40,621] {dag.py:2371} INFO - Sync 1 DAGs
[2022-05-14 18:18:40,647] {logging_mixin.py:115} INFO - [2022-05-14 18:18:40,647] {dag.py:2919} INFO - Setting next_dagrun for example_branch_python_operator_decorator to 2022-05-13T00:00:00+00:00, run_after=2022-05-14T00:00:00+00:00
[2022-05-14 18:18:40,660] {processor.py:161} INFO - Processing /home/airflow/.local/lib/python3.7/site-packages/airflow/example_dags/example_branch_operator_decorator.py took 0.239 seconds
[2022-05-14 18:19:10,791] {processor.py:153} INFO - Started process (PID=1236) to work on /home/airflow/.local/lib/python3.7/site-packages/airflow/example_dags/example_branch_operator_decorator.py
[2022-05-14 18:19:10,792] {processor.py:641} INFO - Processing file /home/airflow/.local/lib/python3.7/site-packages/airflow/example_dags/example_branch_operator_decorator.py for tasks to queue
[2022-05-14 18:19:10,792] {logging_mixin.py:115} INFO - [2022-05-14 18:19:10,792] {dagbag.py:507} INFO - Filling up the DagBag from /home/airflow/.local/lib/python3.7/site-packages/airflow/example_dags/example_branch_operator_decorator.py
[2022-05-14 18:19:10,813] {processor.py:651} INFO - DAG(s) dict_keys(['example_branch_python_operator_decorator']) retrieved from /home/airflow/.local/lib/python3.7/site-packages/airflow/example_dags/example_branch_operator_decorator.py
[2022-05-14 18:19:10,840] {logging_mixin.py:115} INFO - [2022-05-14 18:19:10,840] {dag.py:2371} INFO - Sync 1 DAGs
[2022-05-14 18:19:10,866] {logging_mixin.py:115} INFO - [2022-05-14 18:19:10,866] {dag.py:2919} INFO - Setting next_dagrun for example_branch_python_operator_decorator to 2022-05-13T00:00:00+00:00, run_after=2022-05-14T00:00:00+00:00
[2022-05-14 18:19:10,881] {processor.py:161} INFO - Processing /home/airflow/.local/lib/python3.7/site-packages/airflow/example_dags/example_branch_operator_decorator.py took 0.092 seconds
[2022-05-14 18:19:41,057] {processor.py:153} INFO - Started process (PID=1290) to work on /home/airflow/.local/lib/python3.7/site-packages/airflow/example_dags/example_branch_operator_decorator.py
[2022-05-14 18:19:41,058] {processor.py:641} INFO - Processing file /home/airflow/.local/lib/python3.7/site-packages/airflow/example_dags/example_branch_operator_decorator.py for tasks to queue
[2022-05-14 18:19:41,059] {logging_mixin.py:115} INFO - [2022-05-14 18:19:41,059] {dagbag.py:507} INFO - Filling up the DagBag from /home/airflow/.local/lib/python3.7/site-packages/airflow/example_dags/example_branch_operator_decorator.py
[2022-05-14 18:19:41,078] {processor.py:651} INFO - DAG(s) dict_keys(['example_branch_python_operator_decorator']) retrieved from /home/airflow/.local/lib/python3.7/site-packages/airflow/example_dags/example_branch_operator_decorator.py
[2022-05-14 18:19:41,106] {logging_mixin.py:115} INFO - [2022-05-14 18:19:41,106] {dag.py:2371} INFO - Sync 1 DAGs
[2022-05-14 18:19:41,131] {logging_mixin.py:115} INFO - [2022-05-14 18:19:41,131] {dag.py:2919} INFO - Setting next_dagrun for example_branch_python_operator_decorator to 2022-05-13T00:00:00+00:00, run_after=2022-05-14T00:00:00+00:00
[2022-05-14 18:19:41,146] {processor.py:161} INFO - Processing /home/airflow/.local/lib/python3.7/site-packages/airflow/example_dags/example_branch_operator_decorator.py took 0.092 seconds
[2022-05-14 18:20:11,270] {processor.py:153} INFO - Started process (PID=1354) to work on /home/airflow/.local/lib/python3.7/site-packages/airflow/example_dags/example_branch_operator_decorator.py
[2022-05-14 18:20:11,271] {processor.py:641} INFO - Processing file /home/airflow/.local/lib/python3.7/site-packages/airflow/example_dags/example_branch_operator_decorator.py for tasks to queue
[2022-05-14 18:20:11,272] {logging_mixin.py:115} INFO - [2022-05-14 18:20:11,272] {dagbag.py:507} INFO - Filling up the DagBag from /home/airflow/.local/lib/python3.7/site-packages/airflow/example_dags/example_branch_operator_decorator.py
[2022-05-14 18:20:11,294] {processor.py:651} INFO - DAG(s) dict_keys(['example_branch_python_operator_decorator']) retrieved from /home/airflow/.local/lib/python3.7/site-packages/airflow/example_dags/example_branch_operator_decorator.py
[2022-05-14 18:20:11,331] {logging_mixin.py:115} INFO - [2022-05-14 18:20:11,331] {dag.py:2371} INFO - Sync 1 DAGs
[2022-05-14 18:20:11,368] {logging_mixin.py:115} INFO - [2022-05-14 18:20:11,368] {dag.py:2919} INFO - Setting next_dagrun for example_branch_python_operator_decorator to 2022-05-13T00:00:00+00:00, run_after=2022-05-14T00:00:00+00:00
[2022-05-14 18:20:11,386] {processor.py:161} INFO - Processing /home/airflow/.local/lib/python3.7/site-packages/airflow/example_dags/example_branch_operator_decorator.py took 0.118 seconds
[2022-05-14 18:20:41,473] {processor.py:153} INFO - Started process (PID=1418) to work on /home/airflow/.local/lib/python3.7/site-packages/airflow/example_dags/example_branch_operator_decorator.py
[2022-05-14 18:20:41,474] {processor.py:641} INFO - Processing file /home/airflow/.local/lib/python3.7/site-packages/airflow/example_dags/example_branch_operator_decorator.py for tasks to queue
[2022-05-14 18:20:41,475] {logging_mixin.py:115} INFO - [2022-05-14 18:20:41,475] {dagbag.py:507} INFO - Filling up the DagBag from /home/airflow/.local/lib/python3.7/site-packages/airflow/example_dags/example_branch_operator_decorator.py
[2022-05-14 18:20:41,499] {processor.py:651} INFO - DAG(s) dict_keys(['example_branch_python_operator_decorator']) retrieved from /home/airflow/.local/lib/python3.7/site-packages/airflow/example_dags/example_branch_operator_decorator.py
[2022-05-14 18:20:41,531] {logging_mixin.py:115} INFO - [2022-05-14 18:20:41,531] {dag.py:2371} INFO - Sync 1 DAGs
[2022-05-14 18:20:41,560] {logging_mixin.py:115} INFO - [2022-05-14 18:20:41,560] {dag.py:2919} INFO - Setting next_dagrun for example_branch_python_operator_decorator to 2022-05-13T00:00:00+00:00, run_after=2022-05-14T00:00:00+00:00
[2022-05-14 18:20:41,579] {processor.py:161} INFO - Processing /home/airflow/.local/lib/python3.7/site-packages/airflow/example_dags/example_branch_operator_decorator.py took 0.110 seconds
