[2022-05-14 18:08:56,443] {processor.py:153} INFO - Started process (PID=71) to work on /home/airflow/.local/lib/python3.7/site-packages/airflow/example_dags/example_time_delta_sensor_async.py
[2022-05-14 18:08:56,444] {processor.py:641} INFO - Processing file /home/airflow/.local/lib/python3.7/site-packages/airflow/example_dags/example_time_delta_sensor_async.py for tasks to queue
[2022-05-14 18:08:56,446] {logging_mixin.py:115} INFO - [2022-05-14 18:08:56,446] {dagbag.py:507} INFO - Filling up the DagBag from /home/airflow/.local/lib/python3.7/site-packages/airflow/example_dags/example_time_delta_sensor_async.py
[2022-05-14 18:08:56,456] {processor.py:651} INFO - DAG(s) dict_keys(['example_time_delta_sensor_async']) retrieved from /home/airflow/.local/lib/python3.7/site-packages/airflow/example_dags/example_time_delta_sensor_async.py
[2022-05-14 18:08:56,794] {logging_mixin.py:115} INFO - [2022-05-14 18:08:56,794] {manager.py:508} INFO - Created Permission View: can read on DAG:example_time_delta_sensor_async
[2022-05-14 18:08:56,813] {logging_mixin.py:115} INFO - [2022-05-14 18:08:56,813] {manager.py:508} INFO - Created Permission View: can edit on DAG:example_time_delta_sensor_async
[2022-05-14 18:08:56,832] {logging_mixin.py:115} INFO - [2022-05-14 18:08:56,832] {manager.py:508} INFO - Created Permission View: can delete on DAG:example_time_delta_sensor_async
[2022-05-14 18:08:56,833] {logging_mixin.py:115} INFO - [2022-05-14 18:08:56,833] {dag.py:2371} INFO - Sync 1 DAGs
[2022-05-14 18:08:56,849] {logging_mixin.py:115} INFO - [2022-05-14 18:08:56,849] {dag.py:2390} INFO - Creating ORM DAG for example_time_delta_sensor_async
[2022-05-14 18:08:56,870] {logging_mixin.py:115} INFO - [2022-05-14 18:08:56,869] {dag.py:2919} INFO - Setting next_dagrun for example_time_delta_sensor_async to None, run_after=None
[2022-05-14 18:08:56,892] {processor.py:161} INFO - Processing /home/airflow/.local/lib/python3.7/site-packages/airflow/example_dags/example_time_delta_sensor_async.py took 0.455 seconds
[2022-05-14 18:09:27,021] {processor.py:153} INFO - Started process (PID=133) to work on /home/airflow/.local/lib/python3.7/site-packages/airflow/example_dags/example_time_delta_sensor_async.py
[2022-05-14 18:09:27,022] {processor.py:641} INFO - Processing file /home/airflow/.local/lib/python3.7/site-packages/airflow/example_dags/example_time_delta_sensor_async.py for tasks to queue
[2022-05-14 18:09:27,023] {logging_mixin.py:115} INFO - [2022-05-14 18:09:27,023] {dagbag.py:507} INFO - Filling up the DagBag from /home/airflow/.local/lib/python3.7/site-packages/airflow/example_dags/example_time_delta_sensor_async.py
[2022-05-14 18:09:27,028] {processor.py:651} INFO - DAG(s) dict_keys(['example_time_delta_sensor_async']) retrieved from /home/airflow/.local/lib/python3.7/site-packages/airflow/example_dags/example_time_delta_sensor_async.py
[2022-05-14 18:09:27,082] {logging_mixin.py:115} INFO - [2022-05-14 18:09:27,082] {dag.py:2371} INFO - Sync 1 DAGs
[2022-05-14 18:09:27,231] {logging_mixin.py:115} INFO - [2022-05-14 18:09:27,231] {dag.py:2919} INFO - Setting next_dagrun for example_time_delta_sensor_async to None, run_after=None
[2022-05-14 18:09:27,456] {processor.py:161} INFO - Processing /home/airflow/.local/lib/python3.7/site-packages/airflow/example_dags/example_time_delta_sensor_async.py took 0.438 seconds
[2022-05-14 18:09:58,096] {processor.py:153} INFO - Started process (PID=186) to work on /home/airflow/.local/lib/python3.7/site-packages/airflow/example_dags/example_time_delta_sensor_async.py
[2022-05-14 18:09:58,097] {processor.py:641} INFO - Processing file /home/airflow/.local/lib/python3.7/site-packages/airflow/example_dags/example_time_delta_sensor_async.py for tasks to queue
[2022-05-14 18:09:58,098] {logging_mixin.py:115} INFO - [2022-05-14 18:09:58,098] {dagbag.py:507} INFO - Filling up the DagBag from /home/airflow/.local/lib/python3.7/site-packages/airflow/example_dags/example_time_delta_sensor_async.py
[2022-05-14 18:09:58,103] {processor.py:651} INFO - DAG(s) dict_keys(['example_time_delta_sensor_async']) retrieved from /home/airflow/.local/lib/python3.7/site-packages/airflow/example_dags/example_time_delta_sensor_async.py
[2022-05-14 18:09:58,158] {logging_mixin.py:115} INFO - [2022-05-14 18:09:58,158] {dag.py:2371} INFO - Sync 1 DAGs
[2022-05-14 18:09:58,303] {logging_mixin.py:115} INFO - [2022-05-14 18:09:58,303] {dag.py:2919} INFO - Setting next_dagrun for example_time_delta_sensor_async to None, run_after=None
[2022-05-14 18:09:58,321] {processor.py:161} INFO - Processing /home/airflow/.local/lib/python3.7/site-packages/airflow/example_dags/example_time_delta_sensor_async.py took 0.230 seconds
[2022-05-14 18:10:29,087] {processor.py:153} INFO - Started process (PID=249) to work on /home/airflow/.local/lib/python3.7/site-packages/airflow/example_dags/example_time_delta_sensor_async.py
[2022-05-14 18:10:29,087] {processor.py:641} INFO - Processing file /home/airflow/.local/lib/python3.7/site-packages/airflow/example_dags/example_time_delta_sensor_async.py for tasks to queue
[2022-05-14 18:10:29,088] {logging_mixin.py:115} INFO - [2022-05-14 18:10:29,088] {dagbag.py:507} INFO - Filling up the DagBag from /home/airflow/.local/lib/python3.7/site-packages/airflow/example_dags/example_time_delta_sensor_async.py
[2022-05-14 18:10:29,095] {processor.py:651} INFO - DAG(s) dict_keys(['example_time_delta_sensor_async']) retrieved from /home/airflow/.local/lib/python3.7/site-packages/airflow/example_dags/example_time_delta_sensor_async.py
[2022-05-14 18:10:29,146] {logging_mixin.py:115} INFO - [2022-05-14 18:10:29,146] {dag.py:2371} INFO - Sync 1 DAGs
[2022-05-14 18:10:29,320] {logging_mixin.py:115} INFO - [2022-05-14 18:10:29,320] {dag.py:2919} INFO - Setting next_dagrun for example_time_delta_sensor_async to None, run_after=None
[2022-05-14 18:10:29,337] {processor.py:161} INFO - Processing /home/airflow/.local/lib/python3.7/site-packages/airflow/example_dags/example_time_delta_sensor_async.py took 0.254 seconds
[2022-05-14 18:10:59,371] {processor.py:153} INFO - Started process (PID=311) to work on /home/airflow/.local/lib/python3.7/site-packages/airflow/example_dags/example_time_delta_sensor_async.py
[2022-05-14 18:10:59,372] {processor.py:641} INFO - Processing file /home/airflow/.local/lib/python3.7/site-packages/airflow/example_dags/example_time_delta_sensor_async.py for tasks to queue
[2022-05-14 18:10:59,373] {logging_mixin.py:115} INFO - [2022-05-14 18:10:59,373] {dagbag.py:507} INFO - Filling up the DagBag from /home/airflow/.local/lib/python3.7/site-packages/airflow/example_dags/example_time_delta_sensor_async.py
[2022-05-14 18:10:59,378] {processor.py:651} INFO - DAG(s) dict_keys(['example_time_delta_sensor_async']) retrieved from /home/airflow/.local/lib/python3.7/site-packages/airflow/example_dags/example_time_delta_sensor_async.py
[2022-05-14 18:10:59,429] {logging_mixin.py:115} INFO - [2022-05-14 18:10:59,429] {dag.py:2371} INFO - Sync 1 DAGs
[2022-05-14 18:10:59,558] {logging_mixin.py:115} INFO - [2022-05-14 18:10:59,558] {dag.py:2919} INFO - Setting next_dagrun for example_time_delta_sensor_async to None, run_after=None
[2022-05-14 18:10:59,571] {processor.py:161} INFO - Processing /home/airflow/.local/lib/python3.7/site-packages/airflow/example_dags/example_time_delta_sensor_async.py took 0.202 seconds
[2022-05-14 18:11:30,066] {processor.py:153} INFO - Started process (PID=363) to work on /home/airflow/.local/lib/python3.7/site-packages/airflow/example_dags/example_time_delta_sensor_async.py
[2022-05-14 18:11:30,066] {processor.py:641} INFO - Processing file /home/airflow/.local/lib/python3.7/site-packages/airflow/example_dags/example_time_delta_sensor_async.py for tasks to queue
[2022-05-14 18:11:30,068] {logging_mixin.py:115} INFO - [2022-05-14 18:11:30,067] {dagbag.py:507} INFO - Filling up the DagBag from /home/airflow/.local/lib/python3.7/site-packages/airflow/example_dags/example_time_delta_sensor_async.py
[2022-05-14 18:11:30,072] {processor.py:651} INFO - DAG(s) dict_keys(['example_time_delta_sensor_async']) retrieved from /home/airflow/.local/lib/python3.7/site-packages/airflow/example_dags/example_time_delta_sensor_async.py
[2022-05-14 18:11:30,115] {logging_mixin.py:115} INFO - [2022-05-14 18:11:30,115] {dag.py:2371} INFO - Sync 1 DAGs
[2022-05-14 18:11:30,245] {logging_mixin.py:115} INFO - [2022-05-14 18:11:30,245] {dag.py:2919} INFO - Setting next_dagrun for example_time_delta_sensor_async to None, run_after=None
[2022-05-14 18:11:30,261] {processor.py:161} INFO - Processing /home/airflow/.local/lib/python3.7/site-packages/airflow/example_dags/example_time_delta_sensor_async.py took 0.198 seconds
[2022-05-14 18:12:00,860] {processor.py:153} INFO - Started process (PID=426) to work on /home/airflow/.local/lib/python3.7/site-packages/airflow/example_dags/example_time_delta_sensor_async.py
[2022-05-14 18:12:00,861] {processor.py:641} INFO - Processing file /home/airflow/.local/lib/python3.7/site-packages/airflow/example_dags/example_time_delta_sensor_async.py for tasks to queue
[2022-05-14 18:12:00,862] {logging_mixin.py:115} INFO - [2022-05-14 18:12:00,861] {dagbag.py:507} INFO - Filling up the DagBag from /home/airflow/.local/lib/python3.7/site-packages/airflow/example_dags/example_time_delta_sensor_async.py
[2022-05-14 18:12:00,866] {processor.py:651} INFO - DAG(s) dict_keys(['example_time_delta_sensor_async']) retrieved from /home/airflow/.local/lib/python3.7/site-packages/airflow/example_dags/example_time_delta_sensor_async.py
[2022-05-14 18:12:00,924] {logging_mixin.py:115} INFO - [2022-05-14 18:12:00,923] {dag.py:2371} INFO - Sync 1 DAGs
[2022-05-14 18:12:01,083] {logging_mixin.py:115} INFO - [2022-05-14 18:12:01,082] {dag.py:2919} INFO - Setting next_dagrun for example_time_delta_sensor_async to None, run_after=None
[2022-05-14 18:12:01,096] {processor.py:161} INFO - Processing /home/airflow/.local/lib/python3.7/site-packages/airflow/example_dags/example_time_delta_sensor_async.py took 0.239 seconds
[2022-05-14 18:12:32,055] {processor.py:153} INFO - Started process (PID=479) to work on /home/airflow/.local/lib/python3.7/site-packages/airflow/example_dags/example_time_delta_sensor_async.py
[2022-05-14 18:12:32,056] {processor.py:641} INFO - Processing file /home/airflow/.local/lib/python3.7/site-packages/airflow/example_dags/example_time_delta_sensor_async.py for tasks to queue
[2022-05-14 18:12:32,057] {logging_mixin.py:115} INFO - [2022-05-14 18:12:32,057] {dagbag.py:507} INFO - Filling up the DagBag from /home/airflow/.local/lib/python3.7/site-packages/airflow/example_dags/example_time_delta_sensor_async.py
[2022-05-14 18:12:32,064] {processor.py:651} INFO - DAG(s) dict_keys(['example_time_delta_sensor_async']) retrieved from /home/airflow/.local/lib/python3.7/site-packages/airflow/example_dags/example_time_delta_sensor_async.py
[2022-05-14 18:12:32,114] {logging_mixin.py:115} INFO - [2022-05-14 18:12:32,114] {dag.py:2371} INFO - Sync 1 DAGs
[2022-05-14 18:12:32,288] {logging_mixin.py:115} INFO - [2022-05-14 18:12:32,288] {dag.py:2919} INFO - Setting next_dagrun for example_time_delta_sensor_async to None, run_after=None
[2022-05-14 18:12:32,323] {processor.py:161} INFO - Processing /home/airflow/.local/lib/python3.7/site-packages/airflow/example_dags/example_time_delta_sensor_async.py took 0.270 seconds
[2022-05-14 18:13:02,403] {processor.py:153} INFO - Started process (PID=542) to work on /home/airflow/.local/lib/python3.7/site-packages/airflow/example_dags/example_time_delta_sensor_async.py
[2022-05-14 18:13:02,404] {processor.py:641} INFO - Processing file /home/airflow/.local/lib/python3.7/site-packages/airflow/example_dags/example_time_delta_sensor_async.py for tasks to queue
[2022-05-14 18:13:02,404] {logging_mixin.py:115} INFO - [2022-05-14 18:13:02,404] {dagbag.py:507} INFO - Filling up the DagBag from /home/airflow/.local/lib/python3.7/site-packages/airflow/example_dags/example_time_delta_sensor_async.py
[2022-05-14 18:13:02,409] {processor.py:651} INFO - DAG(s) dict_keys(['example_time_delta_sensor_async']) retrieved from /home/airflow/.local/lib/python3.7/site-packages/airflow/example_dags/example_time_delta_sensor_async.py
[2022-05-14 18:13:02,463] {logging_mixin.py:115} INFO - [2022-05-14 18:13:02,462] {dag.py:2371} INFO - Sync 1 DAGs
[2022-05-14 18:13:02,609] {logging_mixin.py:115} INFO - [2022-05-14 18:13:02,609] {dag.py:2919} INFO - Setting next_dagrun for example_time_delta_sensor_async to None, run_after=None
[2022-05-14 18:13:02,624] {processor.py:161} INFO - Processing /home/airflow/.local/lib/python3.7/site-packages/airflow/example_dags/example_time_delta_sensor_async.py took 0.224 seconds
[2022-05-14 18:13:33,051] {processor.py:153} INFO - Started process (PID=605) to work on /home/airflow/.local/lib/python3.7/site-packages/airflow/example_dags/example_time_delta_sensor_async.py
[2022-05-14 18:13:33,053] {processor.py:641} INFO - Processing file /home/airflow/.local/lib/python3.7/site-packages/airflow/example_dags/example_time_delta_sensor_async.py for tasks to queue
[2022-05-14 18:13:33,053] {logging_mixin.py:115} INFO - [2022-05-14 18:13:33,053] {dagbag.py:507} INFO - Filling up the DagBag from /home/airflow/.local/lib/python3.7/site-packages/airflow/example_dags/example_time_delta_sensor_async.py
[2022-05-14 18:13:33,060] {processor.py:651} INFO - DAG(s) dict_keys(['example_time_delta_sensor_async']) retrieved from /home/airflow/.local/lib/python3.7/site-packages/airflow/example_dags/example_time_delta_sensor_async.py
[2022-05-14 18:13:33,121] {logging_mixin.py:115} INFO - [2022-05-14 18:13:33,121] {dag.py:2371} INFO - Sync 1 DAGs
[2022-05-14 18:13:33,312] {logging_mixin.py:115} INFO - [2022-05-14 18:13:33,312] {dag.py:2919} INFO - Setting next_dagrun for example_time_delta_sensor_async to None, run_after=None
[2022-05-14 18:13:33,328] {processor.py:161} INFO - Processing /home/airflow/.local/lib/python3.7/site-packages/airflow/example_dags/example_time_delta_sensor_async.py took 0.280 seconds
[2022-05-14 18:14:03,495] {processor.py:153} INFO - Started process (PID=659) to work on /home/airflow/.local/lib/python3.7/site-packages/airflow/example_dags/example_time_delta_sensor_async.py
[2022-05-14 18:14:03,496] {processor.py:641} INFO - Processing file /home/airflow/.local/lib/python3.7/site-packages/airflow/example_dags/example_time_delta_sensor_async.py for tasks to queue
[2022-05-14 18:14:03,497] {logging_mixin.py:115} INFO - [2022-05-14 18:14:03,496] {dagbag.py:507} INFO - Filling up the DagBag from /home/airflow/.local/lib/python3.7/site-packages/airflow/example_dags/example_time_delta_sensor_async.py
[2022-05-14 18:14:03,501] {processor.py:651} INFO - DAG(s) dict_keys(['example_time_delta_sensor_async']) retrieved from /home/airflow/.local/lib/python3.7/site-packages/airflow/example_dags/example_time_delta_sensor_async.py
[2022-05-14 18:14:03,553] {logging_mixin.py:115} INFO - [2022-05-14 18:14:03,553] {dag.py:2371} INFO - Sync 1 DAGs
[2022-05-14 18:14:03,698] {logging_mixin.py:115} INFO - [2022-05-14 18:14:03,698] {dag.py:2919} INFO - Setting next_dagrun for example_time_delta_sensor_async to None, run_after=None
[2022-05-14 18:14:03,712] {processor.py:161} INFO - Processing /home/airflow/.local/lib/python3.7/site-packages/airflow/example_dags/example_time_delta_sensor_async.py took 0.220 seconds
[2022-05-14 18:14:47,541] {processor.py:153} INFO - Started process (PID=723) to work on /home/airflow/.local/lib/python3.7/site-packages/airflow/example_dags/example_time_delta_sensor_async.py
[2022-05-14 18:14:47,542] {processor.py:641} INFO - Processing file /home/airflow/.local/lib/python3.7/site-packages/airflow/example_dags/example_time_delta_sensor_async.py for tasks to queue
[2022-05-14 18:14:47,542] {logging_mixin.py:115} INFO - [2022-05-14 18:14:47,542] {dagbag.py:507} INFO - Filling up the DagBag from /home/airflow/.local/lib/python3.7/site-packages/airflow/example_dags/example_time_delta_sensor_async.py
[2022-05-14 18:14:47,547] {processor.py:651} INFO - DAG(s) dict_keys(['example_time_delta_sensor_async']) retrieved from /home/airflow/.local/lib/python3.7/site-packages/airflow/example_dags/example_time_delta_sensor_async.py
[2022-05-14 18:14:47,597] {logging_mixin.py:115} INFO - [2022-05-14 18:14:47,597] {dag.py:2371} INFO - Sync 1 DAGs
[2022-05-14 18:14:47,724] {logging_mixin.py:115} INFO - [2022-05-14 18:14:47,723] {dag.py:2919} INFO - Setting next_dagrun for example_time_delta_sensor_async to None, run_after=None
[2022-05-14 18:14:48,089] {processor.py:161} INFO - Processing /home/airflow/.local/lib/python3.7/site-packages/airflow/example_dags/example_time_delta_sensor_async.py took 0.550 seconds
[2022-05-14 18:15:18,747] {processor.py:153} INFO - Started process (PID=777) to work on /home/airflow/.local/lib/python3.7/site-packages/airflow/example_dags/example_time_delta_sensor_async.py
[2022-05-14 18:15:18,748] {processor.py:641} INFO - Processing file /home/airflow/.local/lib/python3.7/site-packages/airflow/example_dags/example_time_delta_sensor_async.py for tasks to queue
[2022-05-14 18:15:18,748] {logging_mixin.py:115} INFO - [2022-05-14 18:15:18,748] {dagbag.py:507} INFO - Filling up the DagBag from /home/airflow/.local/lib/python3.7/site-packages/airflow/example_dags/example_time_delta_sensor_async.py
[2022-05-14 18:15:18,753] {processor.py:651} INFO - DAG(s) dict_keys(['example_time_delta_sensor_async']) retrieved from /home/airflow/.local/lib/python3.7/site-packages/airflow/example_dags/example_time_delta_sensor_async.py
[2022-05-14 18:15:18,803] {logging_mixin.py:115} INFO - [2022-05-14 18:15:18,803] {dag.py:2371} INFO - Sync 1 DAGs
[2022-05-14 18:15:18,927] {logging_mixin.py:115} INFO - [2022-05-14 18:15:18,927] {dag.py:2919} INFO - Setting next_dagrun for example_time_delta_sensor_async to None, run_after=None
[2022-05-14 18:15:18,965] {processor.py:161} INFO - Processing /home/airflow/.local/lib/python3.7/site-packages/airflow/example_dags/example_time_delta_sensor_async.py took 0.222 seconds
[2022-05-14 18:15:49,761] {processor.py:153} INFO - Started process (PID=843) to work on /home/airflow/.local/lib/python3.7/site-packages/airflow/example_dags/example_time_delta_sensor_async.py
[2022-05-14 18:15:49,763] {processor.py:641} INFO - Processing file /home/airflow/.local/lib/python3.7/site-packages/airflow/example_dags/example_time_delta_sensor_async.py for tasks to queue
[2022-05-14 18:15:49,765] {logging_mixin.py:115} INFO - [2022-05-14 18:15:49,765] {dagbag.py:507} INFO - Filling up the DagBag from /home/airflow/.local/lib/python3.7/site-packages/airflow/example_dags/example_time_delta_sensor_async.py
[2022-05-14 18:15:49,772] {processor.py:651} INFO - DAG(s) dict_keys(['example_time_delta_sensor_async']) retrieved from /home/airflow/.local/lib/python3.7/site-packages/airflow/example_dags/example_time_delta_sensor_async.py
[2022-05-14 18:15:49,832] {logging_mixin.py:115} INFO - [2022-05-14 18:15:49,832] {dag.py:2371} INFO - Sync 1 DAGs
[2022-05-14 18:15:49,985] {logging_mixin.py:115} INFO - [2022-05-14 18:15:49,985] {dag.py:2919} INFO - Setting next_dagrun for example_time_delta_sensor_async to None, run_after=None
[2022-05-14 18:15:50,186] {processor.py:161} INFO - Processing /home/airflow/.local/lib/python3.7/site-packages/airflow/example_dags/example_time_delta_sensor_async.py took 0.429 seconds
[2022-05-14 18:16:20,327] {processor.py:153} INFO - Started process (PID=897) to work on /home/airflow/.local/lib/python3.7/site-packages/airflow/example_dags/example_time_delta_sensor_async.py
[2022-05-14 18:16:20,327] {processor.py:641} INFO - Processing file /home/airflow/.local/lib/python3.7/site-packages/airflow/example_dags/example_time_delta_sensor_async.py for tasks to queue
[2022-05-14 18:16:20,328] {logging_mixin.py:115} INFO - [2022-05-14 18:16:20,328] {dagbag.py:507} INFO - Filling up the DagBag from /home/airflow/.local/lib/python3.7/site-packages/airflow/example_dags/example_time_delta_sensor_async.py
[2022-05-14 18:16:20,333] {processor.py:651} INFO - DAG(s) dict_keys(['example_time_delta_sensor_async']) retrieved from /home/airflow/.local/lib/python3.7/site-packages/airflow/example_dags/example_time_delta_sensor_async.py
[2022-05-14 18:16:20,382] {logging_mixin.py:115} INFO - [2022-05-14 18:16:20,382] {dag.py:2371} INFO - Sync 1 DAGs
[2022-05-14 18:16:20,529] {logging_mixin.py:115} INFO - [2022-05-14 18:16:20,529] {dag.py:2919} INFO - Setting next_dagrun for example_time_delta_sensor_async to None, run_after=None
[2022-05-14 18:16:20,574] {processor.py:161} INFO - Processing /home/airflow/.local/lib/python3.7/site-packages/airflow/example_dags/example_time_delta_sensor_async.py took 0.250 seconds
[2022-05-14 18:16:50,634] {processor.py:153} INFO - Started process (PID=961) to work on /home/airflow/.local/lib/python3.7/site-packages/airflow/example_dags/example_time_delta_sensor_async.py
[2022-05-14 18:16:50,635] {processor.py:641} INFO - Processing file /home/airflow/.local/lib/python3.7/site-packages/airflow/example_dags/example_time_delta_sensor_async.py for tasks to queue
[2022-05-14 18:16:50,636] {logging_mixin.py:115} INFO - [2022-05-14 18:16:50,635] {dagbag.py:507} INFO - Filling up the DagBag from /home/airflow/.local/lib/python3.7/site-packages/airflow/example_dags/example_time_delta_sensor_async.py
[2022-05-14 18:16:50,642] {processor.py:651} INFO - DAG(s) dict_keys(['example_time_delta_sensor_async']) retrieved from /home/airflow/.local/lib/python3.7/site-packages/airflow/example_dags/example_time_delta_sensor_async.py
[2022-05-14 18:16:50,702] {logging_mixin.py:115} INFO - [2022-05-14 18:16:50,702] {dag.py:2371} INFO - Sync 1 DAGs
[2022-05-14 18:16:50,884] {logging_mixin.py:115} INFO - [2022-05-14 18:16:50,884] {dag.py:2919} INFO - Setting next_dagrun for example_time_delta_sensor_async to None, run_after=None
[2022-05-14 18:16:50,898] {processor.py:161} INFO - Processing /home/airflow/.local/lib/python3.7/site-packages/airflow/example_dags/example_time_delta_sensor_async.py took 0.266 seconds
[2022-05-14 18:17:21,186] {processor.py:153} INFO - Started process (PID=1022) to work on /home/airflow/.local/lib/python3.7/site-packages/airflow/example_dags/example_time_delta_sensor_async.py
[2022-05-14 18:17:21,187] {processor.py:641} INFO - Processing file /home/airflow/.local/lib/python3.7/site-packages/airflow/example_dags/example_time_delta_sensor_async.py for tasks to queue
[2022-05-14 18:17:21,188] {logging_mixin.py:115} INFO - [2022-05-14 18:17:21,187] {dagbag.py:507} INFO - Filling up the DagBag from /home/airflow/.local/lib/python3.7/site-packages/airflow/example_dags/example_time_delta_sensor_async.py
[2022-05-14 18:17:21,193] {processor.py:651} INFO - DAG(s) dict_keys(['example_time_delta_sensor_async']) retrieved from /home/airflow/.local/lib/python3.7/site-packages/airflow/example_dags/example_time_delta_sensor_async.py
[2022-05-14 18:17:21,251] {logging_mixin.py:115} INFO - [2022-05-14 18:17:21,251] {dag.py:2371} INFO - Sync 1 DAGs
[2022-05-14 18:17:21,400] {logging_mixin.py:115} INFO - [2022-05-14 18:17:21,400] {dag.py:2919} INFO - Setting next_dagrun for example_time_delta_sensor_async to None, run_after=None
[2022-05-14 18:17:21,415] {processor.py:161} INFO - Processing /home/airflow/.local/lib/python3.7/site-packages/airflow/example_dags/example_time_delta_sensor_async.py took 0.232 seconds
[2022-05-14 18:17:51,918] {processor.py:153} INFO - Started process (PID=1078) to work on /home/airflow/.local/lib/python3.7/site-packages/airflow/example_dags/example_time_delta_sensor_async.py
[2022-05-14 18:17:51,918] {processor.py:641} INFO - Processing file /home/airflow/.local/lib/python3.7/site-packages/airflow/example_dags/example_time_delta_sensor_async.py for tasks to queue
[2022-05-14 18:17:51,920] {logging_mixin.py:115} INFO - [2022-05-14 18:17:51,919] {dagbag.py:507} INFO - Filling up the DagBag from /home/airflow/.local/lib/python3.7/site-packages/airflow/example_dags/example_time_delta_sensor_async.py
[2022-05-14 18:17:51,927] {processor.py:651} INFO - DAG(s) dict_keys(['example_time_delta_sensor_async']) retrieved from /home/airflow/.local/lib/python3.7/site-packages/airflow/example_dags/example_time_delta_sensor_async.py
[2022-05-14 18:17:51,974] {logging_mixin.py:115} INFO - [2022-05-14 18:17:51,973] {dag.py:2371} INFO - Sync 1 DAGs
[2022-05-14 18:17:52,096] {logging_mixin.py:115} INFO - [2022-05-14 18:17:52,096] {dag.py:2919} INFO - Setting next_dagrun for example_time_delta_sensor_async to None, run_after=None
[2022-05-14 18:17:52,110] {processor.py:161} INFO - Processing /home/airflow/.local/lib/python3.7/site-packages/airflow/example_dags/example_time_delta_sensor_async.py took 0.198 seconds
[2022-05-14 18:18:22,420] {processor.py:153} INFO - Started process (PID=1142) to work on /home/airflow/.local/lib/python3.7/site-packages/airflow/example_dags/example_time_delta_sensor_async.py
[2022-05-14 18:18:22,421] {processor.py:641} INFO - Processing file /home/airflow/.local/lib/python3.7/site-packages/airflow/example_dags/example_time_delta_sensor_async.py for tasks to queue
[2022-05-14 18:18:22,421] {logging_mixin.py:115} INFO - [2022-05-14 18:18:22,421] {dagbag.py:507} INFO - Filling up the DagBag from /home/airflow/.local/lib/python3.7/site-packages/airflow/example_dags/example_time_delta_sensor_async.py
[2022-05-14 18:18:22,425] {processor.py:651} INFO - DAG(s) dict_keys(['example_time_delta_sensor_async']) retrieved from /home/airflow/.local/lib/python3.7/site-packages/airflow/example_dags/example_time_delta_sensor_async.py
[2022-05-14 18:18:22,479] {logging_mixin.py:115} INFO - [2022-05-14 18:18:22,479] {dag.py:2371} INFO - Sync 1 DAGs
[2022-05-14 18:18:22,682] {logging_mixin.py:115} INFO - [2022-05-14 18:18:22,681] {dag.py:2919} INFO - Setting next_dagrun for example_time_delta_sensor_async to None, run_after=None
[2022-05-14 18:18:22,709] {processor.py:161} INFO - Processing /home/airflow/.local/lib/python3.7/site-packages/airflow/example_dags/example_time_delta_sensor_async.py took 0.293 seconds
[2022-05-14 18:18:53,009] {processor.py:153} INFO - Started process (PID=1197) to work on /home/airflow/.local/lib/python3.7/site-packages/airflow/example_dags/example_time_delta_sensor_async.py
[2022-05-14 18:18:53,011] {processor.py:641} INFO - Processing file /home/airflow/.local/lib/python3.7/site-packages/airflow/example_dags/example_time_delta_sensor_async.py for tasks to queue
[2022-05-14 18:18:53,012] {logging_mixin.py:115} INFO - [2022-05-14 18:18:53,012] {dagbag.py:507} INFO - Filling up the DagBag from /home/airflow/.local/lib/python3.7/site-packages/airflow/example_dags/example_time_delta_sensor_async.py
[2022-05-14 18:18:53,019] {processor.py:651} INFO - DAG(s) dict_keys(['example_time_delta_sensor_async']) retrieved from /home/airflow/.local/lib/python3.7/site-packages/airflow/example_dags/example_time_delta_sensor_async.py
[2022-05-14 18:18:53,090] {logging_mixin.py:115} INFO - [2022-05-14 18:18:53,090] {dag.py:2371} INFO - Sync 1 DAGs
[2022-05-14 18:18:53,121] {logging_mixin.py:115} INFO - [2022-05-14 18:18:53,121] {dag.py:2919} INFO - Setting next_dagrun for example_time_delta_sensor_async to None, run_after=None
[2022-05-14 18:18:53,141] {processor.py:161} INFO - Processing /home/airflow/.local/lib/python3.7/site-packages/airflow/example_dags/example_time_delta_sensor_async.py took 0.135 seconds
[2022-05-14 18:19:23,714] {processor.py:153} INFO - Started process (PID=1260) to work on /home/airflow/.local/lib/python3.7/site-packages/airflow/example_dags/example_time_delta_sensor_async.py
[2022-05-14 18:19:23,715] {processor.py:641} INFO - Processing file /home/airflow/.local/lib/python3.7/site-packages/airflow/example_dags/example_time_delta_sensor_async.py for tasks to queue
[2022-05-14 18:19:23,716] {logging_mixin.py:115} INFO - [2022-05-14 18:19:23,716] {dagbag.py:507} INFO - Filling up the DagBag from /home/airflow/.local/lib/python3.7/site-packages/airflow/example_dags/example_time_delta_sensor_async.py
[2022-05-14 18:19:23,720] {processor.py:651} INFO - DAG(s) dict_keys(['example_time_delta_sensor_async']) retrieved from /home/airflow/.local/lib/python3.7/site-packages/airflow/example_dags/example_time_delta_sensor_async.py
[2022-05-14 18:19:23,777] {logging_mixin.py:115} INFO - [2022-05-14 18:19:23,777] {dag.py:2371} INFO - Sync 1 DAGs
[2022-05-14 18:19:23,802] {logging_mixin.py:115} INFO - [2022-05-14 18:19:23,801] {dag.py:2919} INFO - Setting next_dagrun for example_time_delta_sensor_async to None, run_after=None
[2022-05-14 18:19:23,820] {processor.py:161} INFO - Processing /home/airflow/.local/lib/python3.7/site-packages/airflow/example_dags/example_time_delta_sensor_async.py took 0.108 seconds
[2022-05-14 18:19:53,876] {processor.py:153} INFO - Started process (PID=1323) to work on /home/airflow/.local/lib/python3.7/site-packages/airflow/example_dags/example_time_delta_sensor_async.py
[2022-05-14 18:19:53,877] {processor.py:641} INFO - Processing file /home/airflow/.local/lib/python3.7/site-packages/airflow/example_dags/example_time_delta_sensor_async.py for tasks to queue
[2022-05-14 18:19:53,878] {logging_mixin.py:115} INFO - [2022-05-14 18:19:53,878] {dagbag.py:507} INFO - Filling up the DagBag from /home/airflow/.local/lib/python3.7/site-packages/airflow/example_dags/example_time_delta_sensor_async.py
[2022-05-14 18:19:53,882] {processor.py:651} INFO - DAG(s) dict_keys(['example_time_delta_sensor_async']) retrieved from /home/airflow/.local/lib/python3.7/site-packages/airflow/example_dags/example_time_delta_sensor_async.py
[2022-05-14 18:19:53,928] {logging_mixin.py:115} INFO - [2022-05-14 18:19:53,928] {dag.py:2371} INFO - Sync 1 DAGs
[2022-05-14 18:19:53,951] {logging_mixin.py:115} INFO - [2022-05-14 18:19:53,951] {dag.py:2919} INFO - Setting next_dagrun for example_time_delta_sensor_async to None, run_after=None
[2022-05-14 18:19:53,966] {processor.py:161} INFO - Processing /home/airflow/.local/lib/python3.7/site-packages/airflow/example_dags/example_time_delta_sensor_async.py took 0.092 seconds
[2022-05-14 18:20:24,229] {processor.py:153} INFO - Started process (PID=1378) to work on /home/airflow/.local/lib/python3.7/site-packages/airflow/example_dags/example_time_delta_sensor_async.py
[2022-05-14 18:20:24,229] {processor.py:641} INFO - Processing file /home/airflow/.local/lib/python3.7/site-packages/airflow/example_dags/example_time_delta_sensor_async.py for tasks to queue
[2022-05-14 18:20:24,230] {logging_mixin.py:115} INFO - [2022-05-14 18:20:24,230] {dagbag.py:507} INFO - Filling up the DagBag from /home/airflow/.local/lib/python3.7/site-packages/airflow/example_dags/example_time_delta_sensor_async.py
[2022-05-14 18:20:24,234] {processor.py:651} INFO - DAG(s) dict_keys(['example_time_delta_sensor_async']) retrieved from /home/airflow/.local/lib/python3.7/site-packages/airflow/example_dags/example_time_delta_sensor_async.py
[2022-05-14 18:20:24,291] {logging_mixin.py:115} INFO - [2022-05-14 18:20:24,291] {dag.py:2371} INFO - Sync 1 DAGs
[2022-05-14 18:20:24,316] {logging_mixin.py:115} INFO - [2022-05-14 18:20:24,315] {dag.py:2919} INFO - Setting next_dagrun for example_time_delta_sensor_async to None, run_after=None
[2022-05-14 18:20:24,331] {processor.py:161} INFO - Processing /home/airflow/.local/lib/python3.7/site-packages/airflow/example_dags/example_time_delta_sensor_async.py took 0.105 seconds
