[2022-05-14 18:08:51,232] {processor.py:153} INFO - Started process (PID=52) to work on /home/airflow/.local/lib/python3.7/site-packages/airflow/example_dags/example_short_circuit_operator.py
[2022-05-14 18:08:51,233] {processor.py:641} INFO - Processing file /home/airflow/.local/lib/python3.7/site-packages/airflow/example_dags/example_short_circuit_operator.py for tasks to queue
[2022-05-14 18:08:51,235] {logging_mixin.py:115} INFO - [2022-05-14 18:08:51,235] {dagbag.py:507} INFO - Filling up the DagBag from /home/airflow/.local/lib/python3.7/site-packages/airflow/example_dags/example_short_circuit_operator.py
[2022-05-14 18:08:51,265] {processor.py:651} INFO - DAG(s) dict_keys(['example_short_circuit_operator']) retrieved from /home/airflow/.local/lib/python3.7/site-packages/airflow/example_dags/example_short_circuit_operator.py
[2022-05-14 18:08:51,616] {logging_mixin.py:115} INFO - [2022-05-14 18:08:51,616] {manager.py:508} INFO - Created Permission View: can read on DAG:example_short_circuit_operator
[2022-05-14 18:08:51,655] {logging_mixin.py:115} INFO - [2022-05-14 18:08:51,655] {manager.py:508} INFO - Created Permission View: can edit on DAG:example_short_circuit_operator
[2022-05-14 18:08:51,675] {logging_mixin.py:115} INFO - [2022-05-14 18:08:51,674] {manager.py:508} INFO - Created Permission View: can delete on DAG:example_short_circuit_operator
[2022-05-14 18:08:51,676] {logging_mixin.py:115} INFO - [2022-05-14 18:08:51,676] {dag.py:2371} INFO - Sync 1 DAGs
[2022-05-14 18:08:51,692] {logging_mixin.py:115} INFO - [2022-05-14 18:08:51,692] {dag.py:2390} INFO - Creating ORM DAG for example_short_circuit_operator
[2022-05-14 18:08:51,713] {logging_mixin.py:115} INFO - [2022-05-14 18:08:51,713] {dag.py:2919} INFO - Setting next_dagrun for example_short_circuit_operator to 2022-05-13T18:08:51.713404+00:00, run_after=2022-05-14T18:08:51.713404+00:00
[2022-05-14 18:08:51,745] {processor.py:161} INFO - Processing /home/airflow/.local/lib/python3.7/site-packages/airflow/example_dags/example_short_circuit_operator.py took 0.517 seconds
[2022-05-14 18:09:22,658] {processor.py:153} INFO - Started process (PID=112) to work on /home/airflow/.local/lib/python3.7/site-packages/airflow/example_dags/example_short_circuit_operator.py
[2022-05-14 18:09:22,659] {processor.py:641} INFO - Processing file /home/airflow/.local/lib/python3.7/site-packages/airflow/example_dags/example_short_circuit_operator.py for tasks to queue
[2022-05-14 18:09:22,661] {logging_mixin.py:115} INFO - [2022-05-14 18:09:22,661] {dagbag.py:507} INFO - Filling up the DagBag from /home/airflow/.local/lib/python3.7/site-packages/airflow/example_dags/example_short_circuit_operator.py
[2022-05-14 18:09:22,674] {processor.py:651} INFO - DAG(s) dict_keys(['example_short_circuit_operator']) retrieved from /home/airflow/.local/lib/python3.7/site-packages/airflow/example_dags/example_short_circuit_operator.py
[2022-05-14 18:09:22,709] {logging_mixin.py:115} INFO - [2022-05-14 18:09:22,708] {dag.py:2371} INFO - Sync 1 DAGs
[2022-05-14 18:09:22,894] {logging_mixin.py:115} INFO - [2022-05-14 18:09:22,894] {dag.py:2919} INFO - Setting next_dagrun for example_short_circuit_operator to 2022-05-13T18:09:22.894588+00:00, run_after=2022-05-14T18:09:22.894588+00:00
[2022-05-14 18:09:22,915] {processor.py:161} INFO - Processing /home/airflow/.local/lib/python3.7/site-packages/airflow/example_dags/example_short_circuit_operator.py took 0.260 seconds
[2022-05-14 18:09:53,292] {processor.py:153} INFO - Started process (PID=167) to work on /home/airflow/.local/lib/python3.7/site-packages/airflow/example_dags/example_short_circuit_operator.py
[2022-05-14 18:09:53,293] {processor.py:641} INFO - Processing file /home/airflow/.local/lib/python3.7/site-packages/airflow/example_dags/example_short_circuit_operator.py for tasks to queue
[2022-05-14 18:09:53,294] {logging_mixin.py:115} INFO - [2022-05-14 18:09:53,294] {dagbag.py:507} INFO - Filling up the DagBag from /home/airflow/.local/lib/python3.7/site-packages/airflow/example_dags/example_short_circuit_operator.py
[2022-05-14 18:09:53,305] {processor.py:651} INFO - DAG(s) dict_keys(['example_short_circuit_operator']) retrieved from /home/airflow/.local/lib/python3.7/site-packages/airflow/example_dags/example_short_circuit_operator.py
[2022-05-14 18:09:53,341] {logging_mixin.py:115} INFO - [2022-05-14 18:09:53,340] {dag.py:2371} INFO - Sync 1 DAGs
[2022-05-14 18:09:53,512] {logging_mixin.py:115} INFO - [2022-05-14 18:09:53,512] {dag.py:2919} INFO - Setting next_dagrun for example_short_circuit_operator to 2022-05-13T18:09:53.512058+00:00, run_after=2022-05-14T18:09:53.512058+00:00
[2022-05-14 18:09:53,542] {processor.py:161} INFO - Processing /home/airflow/.local/lib/python3.7/site-packages/airflow/example_dags/example_short_circuit_operator.py took 0.253 seconds
[2022-05-14 18:10:24,066] {processor.py:153} INFO - Started process (PID=230) to work on /home/airflow/.local/lib/python3.7/site-packages/airflow/example_dags/example_short_circuit_operator.py
[2022-05-14 18:10:24,067] {processor.py:641} INFO - Processing file /home/airflow/.local/lib/python3.7/site-packages/airflow/example_dags/example_short_circuit_operator.py for tasks to queue
[2022-05-14 18:10:24,068] {logging_mixin.py:115} INFO - [2022-05-14 18:10:24,068] {dagbag.py:507} INFO - Filling up the DagBag from /home/airflow/.local/lib/python3.7/site-packages/airflow/example_dags/example_short_circuit_operator.py
[2022-05-14 18:10:24,077] {processor.py:651} INFO - DAG(s) dict_keys(['example_short_circuit_operator']) retrieved from /home/airflow/.local/lib/python3.7/site-packages/airflow/example_dags/example_short_circuit_operator.py
[2022-05-14 18:10:24,110] {logging_mixin.py:115} INFO - [2022-05-14 18:10:24,109] {dag.py:2371} INFO - Sync 1 DAGs
[2022-05-14 18:10:24,333] {logging_mixin.py:115} INFO - [2022-05-14 18:10:24,332] {dag.py:2919} INFO - Setting next_dagrun for example_short_circuit_operator to 2022-05-13T18:10:24.332706+00:00, run_after=2022-05-14T18:10:24.332706+00:00
[2022-05-14 18:10:24,350] {processor.py:161} INFO - Processing /home/airflow/.local/lib/python3.7/site-packages/airflow/example_dags/example_short_circuit_operator.py took 0.286 seconds
[2022-05-14 18:10:54,571] {processor.py:153} INFO - Started process (PID=283) to work on /home/airflow/.local/lib/python3.7/site-packages/airflow/example_dags/example_short_circuit_operator.py
[2022-05-14 18:10:54,572] {processor.py:641} INFO - Processing file /home/airflow/.local/lib/python3.7/site-packages/airflow/example_dags/example_short_circuit_operator.py for tasks to queue
[2022-05-14 18:10:54,573] {logging_mixin.py:115} INFO - [2022-05-14 18:10:54,573] {dagbag.py:507} INFO - Filling up the DagBag from /home/airflow/.local/lib/python3.7/site-packages/airflow/example_dags/example_short_circuit_operator.py
[2022-05-14 18:10:54,581] {processor.py:651} INFO - DAG(s) dict_keys(['example_short_circuit_operator']) retrieved from /home/airflow/.local/lib/python3.7/site-packages/airflow/example_dags/example_short_circuit_operator.py
[2022-05-14 18:10:54,609] {logging_mixin.py:115} INFO - [2022-05-14 18:10:54,609] {dag.py:2371} INFO - Sync 1 DAGs
[2022-05-14 18:10:54,760] {logging_mixin.py:115} INFO - [2022-05-14 18:10:54,760] {dag.py:2919} INFO - Setting next_dagrun for example_short_circuit_operator to 2022-05-13T18:10:54.760481+00:00, run_after=2022-05-14T18:10:54.760481+00:00
[2022-05-14 18:10:54,779] {processor.py:161} INFO - Processing /home/airflow/.local/lib/python3.7/site-packages/airflow/example_dags/example_short_circuit_operator.py took 0.210 seconds
[2022-05-14 18:11:25,006] {processor.py:153} INFO - Started process (PID=344) to work on /home/airflow/.local/lib/python3.7/site-packages/airflow/example_dags/example_short_circuit_operator.py
[2022-05-14 18:11:25,007] {processor.py:641} INFO - Processing file /home/airflow/.local/lib/python3.7/site-packages/airflow/example_dags/example_short_circuit_operator.py for tasks to queue
[2022-05-14 18:11:25,008] {logging_mixin.py:115} INFO - [2022-05-14 18:11:25,008] {dagbag.py:507} INFO - Filling up the DagBag from /home/airflow/.local/lib/python3.7/site-packages/airflow/example_dags/example_short_circuit_operator.py
[2022-05-14 18:11:25,016] {processor.py:651} INFO - DAG(s) dict_keys(['example_short_circuit_operator']) retrieved from /home/airflow/.local/lib/python3.7/site-packages/airflow/example_dags/example_short_circuit_operator.py
[2022-05-14 18:11:25,049] {logging_mixin.py:115} INFO - [2022-05-14 18:11:25,048] {dag.py:2371} INFO - Sync 1 DAGs
[2022-05-14 18:11:25,206] {logging_mixin.py:115} INFO - [2022-05-14 18:11:25,206] {dag.py:2919} INFO - Setting next_dagrun for example_short_circuit_operator to 2022-05-13T18:11:25.206362+00:00, run_after=2022-05-14T18:11:25.206362+00:00
[2022-05-14 18:11:25,223] {processor.py:161} INFO - Processing /home/airflow/.local/lib/python3.7/site-packages/airflow/example_dags/example_short_circuit_operator.py took 0.220 seconds
[2022-05-14 18:11:55,842] {processor.py:153} INFO - Started process (PID=397) to work on /home/airflow/.local/lib/python3.7/site-packages/airflow/example_dags/example_short_circuit_operator.py
[2022-05-14 18:11:55,843] {processor.py:641} INFO - Processing file /home/airflow/.local/lib/python3.7/site-packages/airflow/example_dags/example_short_circuit_operator.py for tasks to queue
[2022-05-14 18:11:55,843] {logging_mixin.py:115} INFO - [2022-05-14 18:11:55,843] {dagbag.py:507} INFO - Filling up the DagBag from /home/airflow/.local/lib/python3.7/site-packages/airflow/example_dags/example_short_circuit_operator.py
[2022-05-14 18:11:55,853] {processor.py:651} INFO - DAG(s) dict_keys(['example_short_circuit_operator']) retrieved from /home/airflow/.local/lib/python3.7/site-packages/airflow/example_dags/example_short_circuit_operator.py
[2022-05-14 18:11:55,888] {logging_mixin.py:115} INFO - [2022-05-14 18:11:55,888] {dag.py:2371} INFO - Sync 1 DAGs
[2022-05-14 18:11:56,038] {logging_mixin.py:115} INFO - [2022-05-14 18:11:56,038] {dag.py:2919} INFO - Setting next_dagrun for example_short_circuit_operator to 2022-05-13T18:11:56.038046+00:00, run_after=2022-05-14T18:11:56.038046+00:00
[2022-05-14 18:11:56,054] {processor.py:161} INFO - Processing /home/airflow/.local/lib/python3.7/site-packages/airflow/example_dags/example_short_circuit_operator.py took 0.215 seconds
[2022-05-14 18:12:26,349] {processor.py:153} INFO - Started process (PID=460) to work on /home/airflow/.local/lib/python3.7/site-packages/airflow/example_dags/example_short_circuit_operator.py
[2022-05-14 18:12:26,350] {processor.py:641} INFO - Processing file /home/airflow/.local/lib/python3.7/site-packages/airflow/example_dags/example_short_circuit_operator.py for tasks to queue
[2022-05-14 18:12:26,351] {logging_mixin.py:115} INFO - [2022-05-14 18:12:26,351] {dagbag.py:507} INFO - Filling up the DagBag from /home/airflow/.local/lib/python3.7/site-packages/airflow/example_dags/example_short_circuit_operator.py
[2022-05-14 18:12:26,359] {processor.py:651} INFO - DAG(s) dict_keys(['example_short_circuit_operator']) retrieved from /home/airflow/.local/lib/python3.7/site-packages/airflow/example_dags/example_short_circuit_operator.py
[2022-05-14 18:12:26,391] {logging_mixin.py:115} INFO - [2022-05-14 18:12:26,391] {dag.py:2371} INFO - Sync 1 DAGs
[2022-05-14 18:12:26,571] {logging_mixin.py:115} INFO - [2022-05-14 18:12:26,571] {dag.py:2919} INFO - Setting next_dagrun for example_short_circuit_operator to 2022-05-13T18:12:26.571413+00:00, run_after=2022-05-14T18:12:26.571413+00:00
[2022-05-14 18:12:26,586] {processor.py:161} INFO - Processing /home/airflow/.local/lib/python3.7/site-packages/airflow/example_dags/example_short_circuit_operator.py took 0.240 seconds
[2022-05-14 18:12:57,021] {processor.py:153} INFO - Started process (PID=523) to work on /home/airflow/.local/lib/python3.7/site-packages/airflow/example_dags/example_short_circuit_operator.py
[2022-05-14 18:12:57,023] {processor.py:641} INFO - Processing file /home/airflow/.local/lib/python3.7/site-packages/airflow/example_dags/example_short_circuit_operator.py for tasks to queue
[2022-05-14 18:12:57,024] {logging_mixin.py:115} INFO - [2022-05-14 18:12:57,024] {dagbag.py:507} INFO - Filling up the DagBag from /home/airflow/.local/lib/python3.7/site-packages/airflow/example_dags/example_short_circuit_operator.py
[2022-05-14 18:12:57,036] {processor.py:651} INFO - DAG(s) dict_keys(['example_short_circuit_operator']) retrieved from /home/airflow/.local/lib/python3.7/site-packages/airflow/example_dags/example_short_circuit_operator.py
[2022-05-14 18:12:57,075] {logging_mixin.py:115} INFO - [2022-05-14 18:12:57,075] {dag.py:2371} INFO - Sync 1 DAGs
[2022-05-14 18:12:57,399] {logging_mixin.py:115} INFO - [2022-05-14 18:12:57,399] {dag.py:2919} INFO - Setting next_dagrun for example_short_circuit_operator to 2022-05-13T18:12:57.398868+00:00, run_after=2022-05-14T18:12:57.398868+00:00
[2022-05-14 18:12:57,443] {processor.py:161} INFO - Processing /home/airflow/.local/lib/python3.7/site-packages/airflow/example_dags/example_short_circuit_operator.py took 0.426 seconds
[2022-05-14 18:13:28,083] {processor.py:153} INFO - Started process (PID=576) to work on /home/airflow/.local/lib/python3.7/site-packages/airflow/example_dags/example_short_circuit_operator.py
[2022-05-14 18:13:28,084] {processor.py:641} INFO - Processing file /home/airflow/.local/lib/python3.7/site-packages/airflow/example_dags/example_short_circuit_operator.py for tasks to queue
[2022-05-14 18:13:28,085] {logging_mixin.py:115} INFO - [2022-05-14 18:13:28,084] {dagbag.py:507} INFO - Filling up the DagBag from /home/airflow/.local/lib/python3.7/site-packages/airflow/example_dags/example_short_circuit_operator.py
[2022-05-14 18:13:28,096] {processor.py:651} INFO - DAG(s) dict_keys(['example_short_circuit_operator']) retrieved from /home/airflow/.local/lib/python3.7/site-packages/airflow/example_dags/example_short_circuit_operator.py
[2022-05-14 18:13:28,134] {logging_mixin.py:115} INFO - [2022-05-14 18:13:28,134] {dag.py:2371} INFO - Sync 1 DAGs
[2022-05-14 18:13:28,333] {logging_mixin.py:115} INFO - [2022-05-14 18:13:28,333] {dag.py:2919} INFO - Setting next_dagrun for example_short_circuit_operator to 2022-05-13T18:13:28.332963+00:00, run_after=2022-05-14T18:13:28.332963+00:00
[2022-05-14 18:13:28,370] {processor.py:161} INFO - Processing /home/airflow/.local/lib/python3.7/site-packages/airflow/example_dags/example_short_circuit_operator.py took 0.291 seconds
[2022-05-14 18:13:58,927] {processor.py:153} INFO - Started process (PID=640) to work on /home/airflow/.local/lib/python3.7/site-packages/airflow/example_dags/example_short_circuit_operator.py
[2022-05-14 18:13:58,928] {processor.py:641} INFO - Processing file /home/airflow/.local/lib/python3.7/site-packages/airflow/example_dags/example_short_circuit_operator.py for tasks to queue
[2022-05-14 18:13:58,929] {logging_mixin.py:115} INFO - [2022-05-14 18:13:58,929] {dagbag.py:507} INFO - Filling up the DagBag from /home/airflow/.local/lib/python3.7/site-packages/airflow/example_dags/example_short_circuit_operator.py
[2022-05-14 18:13:58,939] {processor.py:651} INFO - DAG(s) dict_keys(['example_short_circuit_operator']) retrieved from /home/airflow/.local/lib/python3.7/site-packages/airflow/example_dags/example_short_circuit_operator.py
[2022-05-14 18:13:58,980] {logging_mixin.py:115} INFO - [2022-05-14 18:13:58,980] {dag.py:2371} INFO - Sync 1 DAGs
[2022-05-14 18:13:59,146] {logging_mixin.py:115} INFO - [2022-05-14 18:13:59,146] {dag.py:2919} INFO - Setting next_dagrun for example_short_circuit_operator to 2022-05-13T18:13:59.146501+00:00, run_after=2022-05-14T18:13:59.146501+00:00
[2022-05-14 18:13:59,196] {processor.py:161} INFO - Processing /home/airflow/.local/lib/python3.7/site-packages/airflow/example_dags/example_short_circuit_operator.py took 0.273 seconds
[2022-05-14 18:14:32,462] {processor.py:153} INFO - Started process (PID=694) to work on /home/airflow/.local/lib/python3.7/site-packages/airflow/example_dags/example_short_circuit_operator.py
[2022-05-14 18:14:32,463] {processor.py:641} INFO - Processing file /home/airflow/.local/lib/python3.7/site-packages/airflow/example_dags/example_short_circuit_operator.py for tasks to queue
[2022-05-14 18:14:32,464] {logging_mixin.py:115} INFO - [2022-05-14 18:14:32,464] {dagbag.py:507} INFO - Filling up the DagBag from /home/airflow/.local/lib/python3.7/site-packages/airflow/example_dags/example_short_circuit_operator.py
[2022-05-14 18:14:32,473] {processor.py:651} INFO - DAG(s) dict_keys(['example_short_circuit_operator']) retrieved from /home/airflow/.local/lib/python3.7/site-packages/airflow/example_dags/example_short_circuit_operator.py
[2022-05-14 18:14:32,514] {logging_mixin.py:115} INFO - [2022-05-14 18:14:32,514] {dag.py:2371} INFO - Sync 1 DAGs
[2022-05-14 18:14:32,667] {logging_mixin.py:115} INFO - [2022-05-14 18:14:32,667] {dag.py:2919} INFO - Setting next_dagrun for example_short_circuit_operator to 2022-05-13T18:14:32.666836+00:00, run_after=2022-05-14T18:14:32.666836+00:00
[2022-05-14 18:14:33,880] {processor.py:161} INFO - Processing /home/airflow/.local/lib/python3.7/site-packages/airflow/example_dags/example_short_circuit_operator.py took 1.420 seconds
[2022-05-14 18:15:04,179] {processor.py:153} INFO - Started process (PID=749) to work on /home/airflow/.local/lib/python3.7/site-packages/airflow/example_dags/example_short_circuit_operator.py
[2022-05-14 18:15:04,180] {processor.py:641} INFO - Processing file /home/airflow/.local/lib/python3.7/site-packages/airflow/example_dags/example_short_circuit_operator.py for tasks to queue
[2022-05-14 18:15:04,180] {logging_mixin.py:115} INFO - [2022-05-14 18:15:04,180] {dagbag.py:507} INFO - Filling up the DagBag from /home/airflow/.local/lib/python3.7/site-packages/airflow/example_dags/example_short_circuit_operator.py
[2022-05-14 18:15:04,189] {processor.py:651} INFO - DAG(s) dict_keys(['example_short_circuit_operator']) retrieved from /home/airflow/.local/lib/python3.7/site-packages/airflow/example_dags/example_short_circuit_operator.py
[2022-05-14 18:15:04,223] {logging_mixin.py:115} INFO - [2022-05-14 18:15:04,223] {dag.py:2371} INFO - Sync 1 DAGs
[2022-05-14 18:15:04,359] {logging_mixin.py:115} INFO - [2022-05-14 18:15:04,359] {dag.py:2919} INFO - Setting next_dagrun for example_short_circuit_operator to 2022-05-13T18:15:04.359065+00:00, run_after=2022-05-14T18:15:04.359065+00:00
[2022-05-14 18:15:04,373] {processor.py:161} INFO - Processing /home/airflow/.local/lib/python3.7/site-packages/airflow/example_dags/example_short_circuit_operator.py took 0.196 seconds
[2022-05-14 18:15:34,451] {processor.py:153} INFO - Started process (PID=813) to work on /home/airflow/.local/lib/python3.7/site-packages/airflow/example_dags/example_short_circuit_operator.py
[2022-05-14 18:15:34,452] {processor.py:641} INFO - Processing file /home/airflow/.local/lib/python3.7/site-packages/airflow/example_dags/example_short_circuit_operator.py for tasks to queue
[2022-05-14 18:15:34,453] {logging_mixin.py:115} INFO - [2022-05-14 18:15:34,453] {dagbag.py:507} INFO - Filling up the DagBag from /home/airflow/.local/lib/python3.7/site-packages/airflow/example_dags/example_short_circuit_operator.py
[2022-05-14 18:15:34,462] {processor.py:651} INFO - DAG(s) dict_keys(['example_short_circuit_operator']) retrieved from /home/airflow/.local/lib/python3.7/site-packages/airflow/example_dags/example_short_circuit_operator.py
[2022-05-14 18:15:34,489] {logging_mixin.py:115} INFO - [2022-05-14 18:15:34,489] {dag.py:2371} INFO - Sync 1 DAGs
[2022-05-14 18:15:34,622] {logging_mixin.py:115} INFO - [2022-05-14 18:15:34,622] {dag.py:2919} INFO - Setting next_dagrun for example_short_circuit_operator to 2022-05-13T18:15:34.622198+00:00, run_after=2022-05-14T18:15:34.622198+00:00
[2022-05-14 18:15:34,679] {processor.py:161} INFO - Processing /home/airflow/.local/lib/python3.7/site-packages/airflow/example_dags/example_short_circuit_operator.py took 0.232 seconds
[2022-05-14 18:16:04,709] {processor.py:153} INFO - Started process (PID=869) to work on /home/airflow/.local/lib/python3.7/site-packages/airflow/example_dags/example_short_circuit_operator.py
[2022-05-14 18:16:04,710] {processor.py:641} INFO - Processing file /home/airflow/.local/lib/python3.7/site-packages/airflow/example_dags/example_short_circuit_operator.py for tasks to queue
[2022-05-14 18:16:04,711] {logging_mixin.py:115} INFO - [2022-05-14 18:16:04,711] {dagbag.py:507} INFO - Filling up the DagBag from /home/airflow/.local/lib/python3.7/site-packages/airflow/example_dags/example_short_circuit_operator.py
[2022-05-14 18:16:04,719] {processor.py:651} INFO - DAG(s) dict_keys(['example_short_circuit_operator']) retrieved from /home/airflow/.local/lib/python3.7/site-packages/airflow/example_dags/example_short_circuit_operator.py
[2022-05-14 18:16:04,753] {logging_mixin.py:115} INFO - [2022-05-14 18:16:04,752] {dag.py:2371} INFO - Sync 1 DAGs
[2022-05-14 18:16:04,902] {logging_mixin.py:115} INFO - [2022-05-14 18:16:04,902] {dag.py:2919} INFO - Setting next_dagrun for example_short_circuit_operator to 2022-05-13T18:16:04.902532+00:00, run_after=2022-05-14T18:16:04.902532+00:00
[2022-05-14 18:16:04,919] {processor.py:161} INFO - Processing /home/airflow/.local/lib/python3.7/site-packages/airflow/example_dags/example_short_circuit_operator.py took 0.212 seconds
[2022-05-14 18:16:35,075] {processor.py:153} INFO - Started process (PID=932) to work on /home/airflow/.local/lib/python3.7/site-packages/airflow/example_dags/example_short_circuit_operator.py
[2022-05-14 18:16:35,076] {processor.py:641} INFO - Processing file /home/airflow/.local/lib/python3.7/site-packages/airflow/example_dags/example_short_circuit_operator.py for tasks to queue
[2022-05-14 18:16:35,077] {logging_mixin.py:115} INFO - [2022-05-14 18:16:35,077] {dagbag.py:507} INFO - Filling up the DagBag from /home/airflow/.local/lib/python3.7/site-packages/airflow/example_dags/example_short_circuit_operator.py
[2022-05-14 18:16:35,089] {processor.py:651} INFO - DAG(s) dict_keys(['example_short_circuit_operator']) retrieved from /home/airflow/.local/lib/python3.7/site-packages/airflow/example_dags/example_short_circuit_operator.py
[2022-05-14 18:16:35,132] {logging_mixin.py:115} INFO - [2022-05-14 18:16:35,132] {dag.py:2371} INFO - Sync 1 DAGs
[2022-05-14 18:16:35,288] {logging_mixin.py:115} INFO - [2022-05-14 18:16:35,288] {dag.py:2919} INFO - Setting next_dagrun for example_short_circuit_operator to 2022-05-13T18:16:35.287878+00:00, run_after=2022-05-14T18:16:35.287878+00:00
[2022-05-14 18:16:35,321] {processor.py:161} INFO - Processing /home/airflow/.local/lib/python3.7/site-packages/airflow/example_dags/example_short_circuit_operator.py took 0.250 seconds
[2022-05-14 18:17:05,485] {processor.py:153} INFO - Started process (PID=987) to work on /home/airflow/.local/lib/python3.7/site-packages/airflow/example_dags/example_short_circuit_operator.py
[2022-05-14 18:17:05,486] {processor.py:641} INFO - Processing file /home/airflow/.local/lib/python3.7/site-packages/airflow/example_dags/example_short_circuit_operator.py for tasks to queue
[2022-05-14 18:17:05,486] {logging_mixin.py:115} INFO - [2022-05-14 18:17:05,486] {dagbag.py:507} INFO - Filling up the DagBag from /home/airflow/.local/lib/python3.7/site-packages/airflow/example_dags/example_short_circuit_operator.py
[2022-05-14 18:17:05,495] {processor.py:651} INFO - DAG(s) dict_keys(['example_short_circuit_operator']) retrieved from /home/airflow/.local/lib/python3.7/site-packages/airflow/example_dags/example_short_circuit_operator.py
[2022-05-14 18:17:05,533] {logging_mixin.py:115} INFO - [2022-05-14 18:17:05,533] {dag.py:2371} INFO - Sync 1 DAGs
[2022-05-14 18:17:05,664] {logging_mixin.py:115} INFO - [2022-05-14 18:17:05,664] {dag.py:2919} INFO - Setting next_dagrun for example_short_circuit_operator to 2022-05-13T18:17:05.664477+00:00, run_after=2022-05-14T18:17:05.664477+00:00
[2022-05-14 18:17:05,679] {processor.py:161} INFO - Processing /home/airflow/.local/lib/python3.7/site-packages/airflow/example_dags/example_short_circuit_operator.py took 0.197 seconds
[2022-05-14 18:17:35,927] {processor.py:153} INFO - Started process (PID=1050) to work on /home/airflow/.local/lib/python3.7/site-packages/airflow/example_dags/example_short_circuit_operator.py
[2022-05-14 18:17:35,928] {processor.py:641} INFO - Processing file /home/airflow/.local/lib/python3.7/site-packages/airflow/example_dags/example_short_circuit_operator.py for tasks to queue
[2022-05-14 18:17:35,928] {logging_mixin.py:115} INFO - [2022-05-14 18:17:35,928] {dagbag.py:507} INFO - Filling up the DagBag from /home/airflow/.local/lib/python3.7/site-packages/airflow/example_dags/example_short_circuit_operator.py
[2022-05-14 18:17:35,937] {processor.py:651} INFO - DAG(s) dict_keys(['example_short_circuit_operator']) retrieved from /home/airflow/.local/lib/python3.7/site-packages/airflow/example_dags/example_short_circuit_operator.py
[2022-05-14 18:17:35,977] {logging_mixin.py:115} INFO - [2022-05-14 18:17:35,976] {dag.py:2371} INFO - Sync 1 DAGs
[2022-05-14 18:17:36,132] {logging_mixin.py:115} INFO - [2022-05-14 18:17:36,132] {dag.py:2919} INFO - Setting next_dagrun for example_short_circuit_operator to 2022-05-13T18:17:36.132351+00:00, run_after=2022-05-14T18:17:36.132351+00:00
[2022-05-14 18:17:36,150] {processor.py:161} INFO - Processing /home/airflow/.local/lib/python3.7/site-packages/airflow/example_dags/example_short_circuit_operator.py took 0.226 seconds
[2022-05-14 18:18:06,243] {processor.py:153} INFO - Started process (PID=1104) to work on /home/airflow/.local/lib/python3.7/site-packages/airflow/example_dags/example_short_circuit_operator.py
[2022-05-14 18:18:06,244] {processor.py:641} INFO - Processing file /home/airflow/.local/lib/python3.7/site-packages/airflow/example_dags/example_short_circuit_operator.py for tasks to queue
[2022-05-14 18:18:06,244] {logging_mixin.py:115} INFO - [2022-05-14 18:18:06,244] {dagbag.py:507} INFO - Filling up the DagBag from /home/airflow/.local/lib/python3.7/site-packages/airflow/example_dags/example_short_circuit_operator.py
[2022-05-14 18:18:06,254] {processor.py:651} INFO - DAG(s) dict_keys(['example_short_circuit_operator']) retrieved from /home/airflow/.local/lib/python3.7/site-packages/airflow/example_dags/example_short_circuit_operator.py
[2022-05-14 18:18:06,284] {logging_mixin.py:115} INFO - [2022-05-14 18:18:06,284] {dag.py:2371} INFO - Sync 1 DAGs
[2022-05-14 18:18:06,426] {logging_mixin.py:115} INFO - [2022-05-14 18:18:06,426] {dag.py:2919} INFO - Setting next_dagrun for example_short_circuit_operator to 2022-05-13T18:18:06.426606+00:00, run_after=2022-05-14T18:18:06.426606+00:00
[2022-05-14 18:18:06,442] {processor.py:161} INFO - Processing /home/airflow/.local/lib/python3.7/site-packages/airflow/example_dags/example_short_circuit_operator.py took 0.202 seconds
[2022-05-14 18:18:36,916] {processor.py:153} INFO - Started process (PID=1168) to work on /home/airflow/.local/lib/python3.7/site-packages/airflow/example_dags/example_short_circuit_operator.py
[2022-05-14 18:18:36,917] {processor.py:641} INFO - Processing file /home/airflow/.local/lib/python3.7/site-packages/airflow/example_dags/example_short_circuit_operator.py for tasks to queue
[2022-05-14 18:18:36,918] {logging_mixin.py:115} INFO - [2022-05-14 18:18:36,918] {dagbag.py:507} INFO - Filling up the DagBag from /home/airflow/.local/lib/python3.7/site-packages/airflow/example_dags/example_short_circuit_operator.py
[2022-05-14 18:18:36,926] {processor.py:651} INFO - DAG(s) dict_keys(['example_short_circuit_operator']) retrieved from /home/airflow/.local/lib/python3.7/site-packages/airflow/example_dags/example_short_circuit_operator.py
[2022-05-14 18:18:36,960] {logging_mixin.py:115} INFO - [2022-05-14 18:18:36,960] {dag.py:2371} INFO - Sync 1 DAGs
[2022-05-14 18:18:37,137] {logging_mixin.py:115} INFO - [2022-05-14 18:18:37,137] {dag.py:2919} INFO - Setting next_dagrun for example_short_circuit_operator to 2022-05-13T18:18:37.136762+00:00, run_after=2022-05-14T18:18:37.136762+00:00
[2022-05-14 18:18:37,153] {processor.py:161} INFO - Processing /home/airflow/.local/lib/python3.7/site-packages/airflow/example_dags/example_short_circuit_operator.py took 0.239 seconds
[2022-05-14 18:19:07,531] {processor.py:153} INFO - Started process (PID=1232) to work on /home/airflow/.local/lib/python3.7/site-packages/airflow/example_dags/example_short_circuit_operator.py
[2022-05-14 18:19:07,532] {processor.py:641} INFO - Processing file /home/airflow/.local/lib/python3.7/site-packages/airflow/example_dags/example_short_circuit_operator.py for tasks to queue
[2022-05-14 18:19:07,533] {logging_mixin.py:115} INFO - [2022-05-14 18:19:07,533] {dagbag.py:507} INFO - Filling up the DagBag from /home/airflow/.local/lib/python3.7/site-packages/airflow/example_dags/example_short_circuit_operator.py
[2022-05-14 18:19:07,545] {processor.py:651} INFO - DAG(s) dict_keys(['example_short_circuit_operator']) retrieved from /home/airflow/.local/lib/python3.7/site-packages/airflow/example_dags/example_short_circuit_operator.py
[2022-05-14 18:19:07,581] {logging_mixin.py:115} INFO - [2022-05-14 18:19:07,581] {dag.py:2371} INFO - Sync 1 DAGs
[2022-05-14 18:19:07,619] {logging_mixin.py:115} INFO - [2022-05-14 18:19:07,619] {dag.py:2919} INFO - Setting next_dagrun for example_short_circuit_operator to 2022-05-13T18:19:07.618999+00:00, run_after=2022-05-14T18:19:07.618999+00:00
[2022-05-14 18:19:07,649] {processor.py:161} INFO - Processing /home/airflow/.local/lib/python3.7/site-packages/airflow/example_dags/example_short_circuit_operator.py took 0.121 seconds
[2022-05-14 18:19:37,741] {processor.py:153} INFO - Started process (PID=1286) to work on /home/airflow/.local/lib/python3.7/site-packages/airflow/example_dags/example_short_circuit_operator.py
[2022-05-14 18:19:37,742] {processor.py:641} INFO - Processing file /home/airflow/.local/lib/python3.7/site-packages/airflow/example_dags/example_short_circuit_operator.py for tasks to queue
[2022-05-14 18:19:37,742] {logging_mixin.py:115} INFO - [2022-05-14 18:19:37,742] {dagbag.py:507} INFO - Filling up the DagBag from /home/airflow/.local/lib/python3.7/site-packages/airflow/example_dags/example_short_circuit_operator.py
[2022-05-14 18:19:37,753] {processor.py:651} INFO - DAG(s) dict_keys(['example_short_circuit_operator']) retrieved from /home/airflow/.local/lib/python3.7/site-packages/airflow/example_dags/example_short_circuit_operator.py
[2022-05-14 18:19:37,778] {logging_mixin.py:115} INFO - [2022-05-14 18:19:37,777] {dag.py:2371} INFO - Sync 1 DAGs
[2022-05-14 18:19:37,800] {logging_mixin.py:115} INFO - [2022-05-14 18:19:37,800] {dag.py:2919} INFO - Setting next_dagrun for example_short_circuit_operator to 2022-05-13T18:19:37.799878+00:00, run_after=2022-05-14T18:19:37.799878+00:00
[2022-05-14 18:19:37,813] {processor.py:161} INFO - Processing /home/airflow/.local/lib/python3.7/site-packages/airflow/example_dags/example_short_circuit_operator.py took 0.074 seconds
[2022-05-14 18:20:07,896] {processor.py:153} INFO - Started process (PID=1350) to work on /home/airflow/.local/lib/python3.7/site-packages/airflow/example_dags/example_short_circuit_operator.py
[2022-05-14 18:20:07,896] {processor.py:641} INFO - Processing file /home/airflow/.local/lib/python3.7/site-packages/airflow/example_dags/example_short_circuit_operator.py for tasks to queue
[2022-05-14 18:20:07,897] {logging_mixin.py:115} INFO - [2022-05-14 18:20:07,897] {dagbag.py:507} INFO - Filling up the DagBag from /home/airflow/.local/lib/python3.7/site-packages/airflow/example_dags/example_short_circuit_operator.py
[2022-05-14 18:20:07,907] {processor.py:651} INFO - DAG(s) dict_keys(['example_short_circuit_operator']) retrieved from /home/airflow/.local/lib/python3.7/site-packages/airflow/example_dags/example_short_circuit_operator.py
[2022-05-14 18:20:07,932] {logging_mixin.py:115} INFO - [2022-05-14 18:20:07,932] {dag.py:2371} INFO - Sync 1 DAGs
[2022-05-14 18:20:07,955] {logging_mixin.py:115} INFO - [2022-05-14 18:20:07,955] {dag.py:2919} INFO - Setting next_dagrun for example_short_circuit_operator to 2022-05-13T18:20:07.954832+00:00, run_after=2022-05-14T18:20:07.954832+00:00
[2022-05-14 18:20:07,969] {processor.py:161} INFO - Processing /home/airflow/.local/lib/python3.7/site-packages/airflow/example_dags/example_short_circuit_operator.py took 0.075 seconds
[2022-05-14 18:20:38,235] {processor.py:153} INFO - Started process (PID=1404) to work on /home/airflow/.local/lib/python3.7/site-packages/airflow/example_dags/example_short_circuit_operator.py
[2022-05-14 18:20:38,236] {processor.py:641} INFO - Processing file /home/airflow/.local/lib/python3.7/site-packages/airflow/example_dags/example_short_circuit_operator.py for tasks to queue
[2022-05-14 18:20:38,237] {logging_mixin.py:115} INFO - [2022-05-14 18:20:38,236] {dagbag.py:507} INFO - Filling up the DagBag from /home/airflow/.local/lib/python3.7/site-packages/airflow/example_dags/example_short_circuit_operator.py
[2022-05-14 18:20:38,249] {processor.py:651} INFO - DAG(s) dict_keys(['example_short_circuit_operator']) retrieved from /home/airflow/.local/lib/python3.7/site-packages/airflow/example_dags/example_short_circuit_operator.py
[2022-05-14 18:20:38,278] {logging_mixin.py:115} INFO - [2022-05-14 18:20:38,278] {dag.py:2371} INFO - Sync 1 DAGs
[2022-05-14 18:20:38,302] {logging_mixin.py:115} INFO - [2022-05-14 18:20:38,302] {dag.py:2919} INFO - Setting next_dagrun for example_short_circuit_operator to 2022-05-13T18:20:38.302074+00:00, run_after=2022-05-14T18:20:38.302074+00:00
[2022-05-14 18:20:38,319] {processor.py:161} INFO - Processing /home/airflow/.local/lib/python3.7/site-packages/airflow/example_dags/example_short_circuit_operator.py took 0.086 seconds
