[2022-05-14 18:08:58,326] {processor.py:153} INFO - Started process (PID=86) to work on /home/airflow/.local/lib/python3.7/site-packages/airflow/example_dags/example_trigger_target_dag.py
[2022-05-14 18:08:58,327] {processor.py:641} INFO - Processing file /home/airflow/.local/lib/python3.7/site-packages/airflow/example_dags/example_trigger_target_dag.py for tasks to queue
[2022-05-14 18:08:58,328] {logging_mixin.py:115} INFO - [2022-05-14 18:08:58,328] {dagbag.py:507} INFO - Filling up the DagBag from /home/airflow/.local/lib/python3.7/site-packages/airflow/example_dags/example_trigger_target_dag.py
[2022-05-14 18:08:58,353] {processor.py:651} INFO - DAG(s) dict_keys(['example_trigger_target_dag']) retrieved from /home/airflow/.local/lib/python3.7/site-packages/airflow/example_dags/example_trigger_target_dag.py
[2022-05-14 18:08:58,642] {logging_mixin.py:115} INFO - [2022-05-14 18:08:58,642] {manager.py:508} INFO - Created Permission View: can read on DAG:example_trigger_target_dag
[2022-05-14 18:08:58,662] {logging_mixin.py:115} INFO - [2022-05-14 18:08:58,661] {manager.py:508} INFO - Created Permission View: can edit on DAG:example_trigger_target_dag
[2022-05-14 18:08:58,678] {logging_mixin.py:115} INFO - [2022-05-14 18:08:58,678] {manager.py:508} INFO - Created Permission View: can delete on DAG:example_trigger_target_dag
[2022-05-14 18:08:58,680] {logging_mixin.py:115} INFO - [2022-05-14 18:08:58,679] {dag.py:2371} INFO - Sync 1 DAGs
[2022-05-14 18:08:58,694] {logging_mixin.py:115} INFO - [2022-05-14 18:08:58,694] {dag.py:2390} INFO - Creating ORM DAG for example_trigger_target_dag
[2022-05-14 18:08:58,719] {logging_mixin.py:115} INFO - [2022-05-14 18:08:58,718] {dag.py:2919} INFO - Setting next_dagrun for example_trigger_target_dag to None, run_after=None
[2022-05-14 18:08:58,756] {processor.py:161} INFO - Processing /home/airflow/.local/lib/python3.7/site-packages/airflow/example_dags/example_trigger_target_dag.py took 0.434 seconds
[2022-05-14 18:09:29,226] {processor.py:153} INFO - Started process (PID=141) to work on /home/airflow/.local/lib/python3.7/site-packages/airflow/example_dags/example_trigger_target_dag.py
[2022-05-14 18:09:29,227] {processor.py:641} INFO - Processing file /home/airflow/.local/lib/python3.7/site-packages/airflow/example_dags/example_trigger_target_dag.py for tasks to queue
[2022-05-14 18:09:29,228] {logging_mixin.py:115} INFO - [2022-05-14 18:09:29,228] {dagbag.py:507} INFO - Filling up the DagBag from /home/airflow/.local/lib/python3.7/site-packages/airflow/example_dags/example_trigger_target_dag.py
[2022-05-14 18:09:29,253] {processor.py:651} INFO - DAG(s) dict_keys(['example_trigger_target_dag']) retrieved from /home/airflow/.local/lib/python3.7/site-packages/airflow/example_dags/example_trigger_target_dag.py
[2022-05-14 18:09:29,299] {logging_mixin.py:115} INFO - [2022-05-14 18:09:29,299] {dag.py:2371} INFO - Sync 1 DAGs
[2022-05-14 18:09:29,489] {logging_mixin.py:115} INFO - [2022-05-14 18:09:29,489] {dag.py:2919} INFO - Setting next_dagrun for example_trigger_target_dag to None, run_after=None
[2022-05-14 18:09:29,508] {processor.py:161} INFO - Processing /home/airflow/.local/lib/python3.7/site-packages/airflow/example_dags/example_trigger_target_dag.py took 0.284 seconds
[2022-05-14 18:10:00,178] {processor.py:153} INFO - Started process (PID=204) to work on /home/airflow/.local/lib/python3.7/site-packages/airflow/example_dags/example_trigger_target_dag.py
[2022-05-14 18:10:00,179] {processor.py:641} INFO - Processing file /home/airflow/.local/lib/python3.7/site-packages/airflow/example_dags/example_trigger_target_dag.py for tasks to queue
[2022-05-14 18:10:00,180] {logging_mixin.py:115} INFO - [2022-05-14 18:10:00,180] {dagbag.py:507} INFO - Filling up the DagBag from /home/airflow/.local/lib/python3.7/site-packages/airflow/example_dags/example_trigger_target_dag.py
[2022-05-14 18:10:00,195] {processor.py:651} INFO - DAG(s) dict_keys(['example_trigger_target_dag']) retrieved from /home/airflow/.local/lib/python3.7/site-packages/airflow/example_dags/example_trigger_target_dag.py
[2022-05-14 18:10:00,223] {logging_mixin.py:115} INFO - [2022-05-14 18:10:00,222] {dag.py:2371} INFO - Sync 1 DAGs
[2022-05-14 18:10:00,369] {logging_mixin.py:115} INFO - [2022-05-14 18:10:00,369] {dag.py:2919} INFO - Setting next_dagrun for example_trigger_target_dag to None, run_after=None
[2022-05-14 18:10:00,387] {processor.py:161} INFO - Processing /home/airflow/.local/lib/python3.7/site-packages/airflow/example_dags/example_trigger_target_dag.py took 0.211 seconds
[2022-05-14 18:10:30,890] {processor.py:153} INFO - Started process (PID=257) to work on /home/airflow/.local/lib/python3.7/site-packages/airflow/example_dags/example_trigger_target_dag.py
[2022-05-14 18:10:30,890] {processor.py:641} INFO - Processing file /home/airflow/.local/lib/python3.7/site-packages/airflow/example_dags/example_trigger_target_dag.py for tasks to queue
[2022-05-14 18:10:30,891] {logging_mixin.py:115} INFO - [2022-05-14 18:10:30,891] {dagbag.py:507} INFO - Filling up the DagBag from /home/airflow/.local/lib/python3.7/site-packages/airflow/example_dags/example_trigger_target_dag.py
[2022-05-14 18:10:30,905] {processor.py:651} INFO - DAG(s) dict_keys(['example_trigger_target_dag']) retrieved from /home/airflow/.local/lib/python3.7/site-packages/airflow/example_dags/example_trigger_target_dag.py
[2022-05-14 18:10:30,943] {logging_mixin.py:115} INFO - [2022-05-14 18:10:30,943] {dag.py:2371} INFO - Sync 1 DAGs
[2022-05-14 18:10:31,099] {logging_mixin.py:115} INFO - [2022-05-14 18:10:31,099] {dag.py:2919} INFO - Setting next_dagrun for example_trigger_target_dag to None, run_after=None
[2022-05-14 18:10:31,115] {processor.py:161} INFO - Processing /home/airflow/.local/lib/python3.7/site-packages/airflow/example_dags/example_trigger_target_dag.py took 0.228 seconds
[2022-05-14 18:11:01,317] {processor.py:153} INFO - Started process (PID=319) to work on /home/airflow/.local/lib/python3.7/site-packages/airflow/example_dags/example_trigger_target_dag.py
[2022-05-14 18:11:01,317] {processor.py:641} INFO - Processing file /home/airflow/.local/lib/python3.7/site-packages/airflow/example_dags/example_trigger_target_dag.py for tasks to queue
[2022-05-14 18:11:01,319] {logging_mixin.py:115} INFO - [2022-05-14 18:11:01,318] {dagbag.py:507} INFO - Filling up the DagBag from /home/airflow/.local/lib/python3.7/site-packages/airflow/example_dags/example_trigger_target_dag.py
[2022-05-14 18:11:01,348] {processor.py:651} INFO - DAG(s) dict_keys(['example_trigger_target_dag']) retrieved from /home/airflow/.local/lib/python3.7/site-packages/airflow/example_dags/example_trigger_target_dag.py
[2022-05-14 18:11:01,390] {logging_mixin.py:115} INFO - [2022-05-14 18:11:01,390] {dag.py:2371} INFO - Sync 1 DAGs
[2022-05-14 18:11:01,579] {logging_mixin.py:115} INFO - [2022-05-14 18:11:01,579] {dag.py:2919} INFO - Setting next_dagrun for example_trigger_target_dag to None, run_after=None
[2022-05-14 18:11:01,595] {processor.py:161} INFO - Processing /home/airflow/.local/lib/python3.7/site-packages/airflow/example_dags/example_trigger_target_dag.py took 0.281 seconds
[2022-05-14 18:11:31,990] {processor.py:153} INFO - Started process (PID=371) to work on /home/airflow/.local/lib/python3.7/site-packages/airflow/example_dags/example_trigger_target_dag.py
[2022-05-14 18:11:31,991] {processor.py:641} INFO - Processing file /home/airflow/.local/lib/python3.7/site-packages/airflow/example_dags/example_trigger_target_dag.py for tasks to queue
[2022-05-14 18:11:31,991] {logging_mixin.py:115} INFO - [2022-05-14 18:11:31,991] {dagbag.py:507} INFO - Filling up the DagBag from /home/airflow/.local/lib/python3.7/site-packages/airflow/example_dags/example_trigger_target_dag.py
[2022-05-14 18:11:32,008] {processor.py:651} INFO - DAG(s) dict_keys(['example_trigger_target_dag']) retrieved from /home/airflow/.local/lib/python3.7/site-packages/airflow/example_dags/example_trigger_target_dag.py
[2022-05-14 18:11:32,047] {logging_mixin.py:115} INFO - [2022-05-14 18:11:32,047] {dag.py:2371} INFO - Sync 1 DAGs
[2022-05-14 18:11:32,263] {logging_mixin.py:115} INFO - [2022-05-14 18:11:32,263] {dag.py:2919} INFO - Setting next_dagrun for example_trigger_target_dag to None, run_after=None
[2022-05-14 18:11:32,287] {processor.py:161} INFO - Processing /home/airflow/.local/lib/python3.7/site-packages/airflow/example_dags/example_trigger_target_dag.py took 0.300 seconds
[2022-05-14 18:12:02,675] {processor.py:153} INFO - Started process (PID=434) to work on /home/airflow/.local/lib/python3.7/site-packages/airflow/example_dags/example_trigger_target_dag.py
[2022-05-14 18:12:02,677] {processor.py:641} INFO - Processing file /home/airflow/.local/lib/python3.7/site-packages/airflow/example_dags/example_trigger_target_dag.py for tasks to queue
[2022-05-14 18:12:02,678] {logging_mixin.py:115} INFO - [2022-05-14 18:12:02,678] {dagbag.py:507} INFO - Filling up the DagBag from /home/airflow/.local/lib/python3.7/site-packages/airflow/example_dags/example_trigger_target_dag.py
[2022-05-14 18:12:02,699] {processor.py:651} INFO - DAG(s) dict_keys(['example_trigger_target_dag']) retrieved from /home/airflow/.local/lib/python3.7/site-packages/airflow/example_dags/example_trigger_target_dag.py
[2022-05-14 18:12:02,740] {logging_mixin.py:115} INFO - [2022-05-14 18:12:02,739] {dag.py:2371} INFO - Sync 1 DAGs
[2022-05-14 18:12:02,877] {logging_mixin.py:115} INFO - [2022-05-14 18:12:02,877] {dag.py:2919} INFO - Setting next_dagrun for example_trigger_target_dag to None, run_after=None
[2022-05-14 18:12:02,893] {processor.py:161} INFO - Processing /home/airflow/.local/lib/python3.7/site-packages/airflow/example_dags/example_trigger_target_dag.py took 0.220 seconds
[2022-05-14 18:12:33,238] {processor.py:153} INFO - Started process (PID=497) to work on /home/airflow/.local/lib/python3.7/site-packages/airflow/example_dags/example_trigger_target_dag.py
[2022-05-14 18:12:33,239] {processor.py:641} INFO - Processing file /home/airflow/.local/lib/python3.7/site-packages/airflow/example_dags/example_trigger_target_dag.py for tasks to queue
[2022-05-14 18:12:33,240] {logging_mixin.py:115} INFO - [2022-05-14 18:12:33,240] {dagbag.py:507} INFO - Filling up the DagBag from /home/airflow/.local/lib/python3.7/site-packages/airflow/example_dags/example_trigger_target_dag.py
[2022-05-14 18:12:33,264] {processor.py:651} INFO - DAG(s) dict_keys(['example_trigger_target_dag']) retrieved from /home/airflow/.local/lib/python3.7/site-packages/airflow/example_dags/example_trigger_target_dag.py
[2022-05-14 18:12:33,302] {logging_mixin.py:115} INFO - [2022-05-14 18:12:33,302] {dag.py:2371} INFO - Sync 1 DAGs
[2022-05-14 18:12:33,523] {logging_mixin.py:115} INFO - [2022-05-14 18:12:33,522] {dag.py:2919} INFO - Setting next_dagrun for example_trigger_target_dag to None, run_after=None
[2022-05-14 18:12:33,540] {processor.py:161} INFO - Processing /home/airflow/.local/lib/python3.7/site-packages/airflow/example_dags/example_trigger_target_dag.py took 0.305 seconds
[2022-05-14 18:13:04,200] {processor.py:153} INFO - Started process (PID=550) to work on /home/airflow/.local/lib/python3.7/site-packages/airflow/example_dags/example_trigger_target_dag.py
[2022-05-14 18:13:04,201] {processor.py:641} INFO - Processing file /home/airflow/.local/lib/python3.7/site-packages/airflow/example_dags/example_trigger_target_dag.py for tasks to queue
[2022-05-14 18:13:04,202] {logging_mixin.py:115} INFO - [2022-05-14 18:13:04,202] {dagbag.py:507} INFO - Filling up the DagBag from /home/airflow/.local/lib/python3.7/site-packages/airflow/example_dags/example_trigger_target_dag.py
[2022-05-14 18:13:04,216] {processor.py:651} INFO - DAG(s) dict_keys(['example_trigger_target_dag']) retrieved from /home/airflow/.local/lib/python3.7/site-packages/airflow/example_dags/example_trigger_target_dag.py
[2022-05-14 18:13:04,257] {logging_mixin.py:115} INFO - [2022-05-14 18:13:04,257] {dag.py:2371} INFO - Sync 1 DAGs
[2022-05-14 18:13:04,451] {logging_mixin.py:115} INFO - [2022-05-14 18:13:04,451] {dag.py:2919} INFO - Setting next_dagrun for example_trigger_target_dag to None, run_after=None
[2022-05-14 18:13:04,467] {processor.py:161} INFO - Processing /home/airflow/.local/lib/python3.7/site-packages/airflow/example_dags/example_trigger_target_dag.py took 0.270 seconds
[2022-05-14 18:13:35,049] {processor.py:153} INFO - Started process (PID=613) to work on /home/airflow/.local/lib/python3.7/site-packages/airflow/example_dags/example_trigger_target_dag.py
[2022-05-14 18:13:35,050] {processor.py:641} INFO - Processing file /home/airflow/.local/lib/python3.7/site-packages/airflow/example_dags/example_trigger_target_dag.py for tasks to queue
[2022-05-14 18:13:35,051] {logging_mixin.py:115} INFO - [2022-05-14 18:13:35,051] {dagbag.py:507} INFO - Filling up the DagBag from /home/airflow/.local/lib/python3.7/site-packages/airflow/example_dags/example_trigger_target_dag.py
[2022-05-14 18:13:35,078] {processor.py:651} INFO - DAG(s) dict_keys(['example_trigger_target_dag']) retrieved from /home/airflow/.local/lib/python3.7/site-packages/airflow/example_dags/example_trigger_target_dag.py
[2022-05-14 18:13:35,116] {logging_mixin.py:115} INFO - [2022-05-14 18:13:35,116] {dag.py:2371} INFO - Sync 1 DAGs
[2022-05-14 18:13:35,311] {logging_mixin.py:115} INFO - [2022-05-14 18:13:35,311] {dag.py:2919} INFO - Setting next_dagrun for example_trigger_target_dag to None, run_after=None
[2022-05-14 18:13:35,335] {processor.py:161} INFO - Processing /home/airflow/.local/lib/python3.7/site-packages/airflow/example_dags/example_trigger_target_dag.py took 0.290 seconds
[2022-05-14 18:14:05,655] {processor.py:153} INFO - Started process (PID=667) to work on /home/airflow/.local/lib/python3.7/site-packages/airflow/example_dags/example_trigger_target_dag.py
[2022-05-14 18:14:05,656] {processor.py:641} INFO - Processing file /home/airflow/.local/lib/python3.7/site-packages/airflow/example_dags/example_trigger_target_dag.py for tasks to queue
[2022-05-14 18:14:05,657] {logging_mixin.py:115} INFO - [2022-05-14 18:14:05,657] {dagbag.py:507} INFO - Filling up the DagBag from /home/airflow/.local/lib/python3.7/site-packages/airflow/example_dags/example_trigger_target_dag.py
[2022-05-14 18:14:05,676] {processor.py:651} INFO - DAG(s) dict_keys(['example_trigger_target_dag']) retrieved from /home/airflow/.local/lib/python3.7/site-packages/airflow/example_dags/example_trigger_target_dag.py
[2022-05-14 18:14:05,829] {logging_mixin.py:115} INFO - [2022-05-14 18:14:05,829] {dag.py:2371} INFO - Sync 1 DAGs
[2022-05-14 18:14:05,853] {logging_mixin.py:115} INFO - [2022-05-14 18:14:05,853] {dag.py:2919} INFO - Setting next_dagrun for example_trigger_target_dag to None, run_after=None
[2022-05-14 18:14:06,100] {processor.py:161} INFO - Processing /home/airflow/.local/lib/python3.7/site-packages/airflow/example_dags/example_trigger_target_dag.py took 0.448 seconds
[2022-05-14 18:14:51,723] {processor.py:153} INFO - Started process (PID=731) to work on /home/airflow/.local/lib/python3.7/site-packages/airflow/example_dags/example_trigger_target_dag.py
[2022-05-14 18:14:51,724] {processor.py:641} INFO - Processing file /home/airflow/.local/lib/python3.7/site-packages/airflow/example_dags/example_trigger_target_dag.py for tasks to queue
[2022-05-14 18:14:51,725] {logging_mixin.py:115} INFO - [2022-05-14 18:14:51,724] {dagbag.py:507} INFO - Filling up the DagBag from /home/airflow/.local/lib/python3.7/site-packages/airflow/example_dags/example_trigger_target_dag.py
[2022-05-14 18:14:51,742] {processor.py:651} INFO - DAG(s) dict_keys(['example_trigger_target_dag']) retrieved from /home/airflow/.local/lib/python3.7/site-packages/airflow/example_dags/example_trigger_target_dag.py
[2022-05-14 18:14:51,877] {logging_mixin.py:115} INFO - [2022-05-14 18:14:51,877] {dag.py:2371} INFO - Sync 1 DAGs
[2022-05-14 18:14:51,899] {logging_mixin.py:115} INFO - [2022-05-14 18:14:51,899] {dag.py:2919} INFO - Setting next_dagrun for example_trigger_target_dag to None, run_after=None
[2022-05-14 18:14:52,316] {processor.py:161} INFO - Processing /home/airflow/.local/lib/python3.7/site-packages/airflow/example_dags/example_trigger_target_dag.py took 0.595 seconds
[2022-05-14 18:15:22,576] {processor.py:153} INFO - Started process (PID=795) to work on /home/airflow/.local/lib/python3.7/site-packages/airflow/example_dags/example_trigger_target_dag.py
[2022-05-14 18:15:22,577] {processor.py:641} INFO - Processing file /home/airflow/.local/lib/python3.7/site-packages/airflow/example_dags/example_trigger_target_dag.py for tasks to queue
[2022-05-14 18:15:22,578] {logging_mixin.py:115} INFO - [2022-05-14 18:15:22,577] {dagbag.py:507} INFO - Filling up the DagBag from /home/airflow/.local/lib/python3.7/site-packages/airflow/example_dags/example_trigger_target_dag.py
[2022-05-14 18:15:22,594] {processor.py:651} INFO - DAG(s) dict_keys(['example_trigger_target_dag']) retrieved from /home/airflow/.local/lib/python3.7/site-packages/airflow/example_dags/example_trigger_target_dag.py
[2022-05-14 18:15:22,755] {logging_mixin.py:115} INFO - [2022-05-14 18:15:22,755] {dag.py:2371} INFO - Sync 1 DAGs
[2022-05-14 18:15:22,777] {logging_mixin.py:115} INFO - [2022-05-14 18:15:22,777] {dag.py:2919} INFO - Setting next_dagrun for example_trigger_target_dag to None, run_after=None
[2022-05-14 18:15:22,806] {processor.py:161} INFO - Processing /home/airflow/.local/lib/python3.7/site-packages/airflow/example_dags/example_trigger_target_dag.py took 0.232 seconds
[2022-05-14 18:15:52,916] {processor.py:153} INFO - Started process (PID=851) to work on /home/airflow/.local/lib/python3.7/site-packages/airflow/example_dags/example_trigger_target_dag.py
[2022-05-14 18:15:52,917] {processor.py:641} INFO - Processing file /home/airflow/.local/lib/python3.7/site-packages/airflow/example_dags/example_trigger_target_dag.py for tasks to queue
[2022-05-14 18:15:52,918] {logging_mixin.py:115} INFO - [2022-05-14 18:15:52,918] {dagbag.py:507} INFO - Filling up the DagBag from /home/airflow/.local/lib/python3.7/site-packages/airflow/example_dags/example_trigger_target_dag.py
[2022-05-14 18:15:52,940] {processor.py:651} INFO - DAG(s) dict_keys(['example_trigger_target_dag']) retrieved from /home/airflow/.local/lib/python3.7/site-packages/airflow/example_dags/example_trigger_target_dag.py
[2022-05-14 18:15:53,107] {logging_mixin.py:115} INFO - [2022-05-14 18:15:53,107] {dag.py:2371} INFO - Sync 1 DAGs
[2022-05-14 18:15:53,132] {logging_mixin.py:115} INFO - [2022-05-14 18:15:53,132] {dag.py:2919} INFO - Setting next_dagrun for example_trigger_target_dag to None, run_after=None
[2022-05-14 18:15:53,393] {processor.py:161} INFO - Processing /home/airflow/.local/lib/python3.7/site-packages/airflow/example_dags/example_trigger_target_dag.py took 0.480 seconds
[2022-05-14 18:16:23,622] {processor.py:153} INFO - Started process (PID=914) to work on /home/airflow/.local/lib/python3.7/site-packages/airflow/example_dags/example_trigger_target_dag.py
[2022-05-14 18:16:23,624] {processor.py:641} INFO - Processing file /home/airflow/.local/lib/python3.7/site-packages/airflow/example_dags/example_trigger_target_dag.py for tasks to queue
[2022-05-14 18:16:23,625] {logging_mixin.py:115} INFO - [2022-05-14 18:16:23,625] {dagbag.py:507} INFO - Filling up the DagBag from /home/airflow/.local/lib/python3.7/site-packages/airflow/example_dags/example_trigger_target_dag.py
[2022-05-14 18:16:23,645] {processor.py:651} INFO - DAG(s) dict_keys(['example_trigger_target_dag']) retrieved from /home/airflow/.local/lib/python3.7/site-packages/airflow/example_dags/example_trigger_target_dag.py
[2022-05-14 18:16:23,802] {logging_mixin.py:115} INFO - [2022-05-14 18:16:23,802] {dag.py:2371} INFO - Sync 1 DAGs
[2022-05-14 18:16:23,826] {logging_mixin.py:115} INFO - [2022-05-14 18:16:23,826] {dag.py:2919} INFO - Setting next_dagrun for example_trigger_target_dag to None, run_after=None
[2022-05-14 18:16:23,920] {processor.py:161} INFO - Processing /home/airflow/.local/lib/python3.7/site-packages/airflow/example_dags/example_trigger_target_dag.py took 0.300 seconds
[2022-05-14 18:16:54,595] {processor.py:153} INFO - Started process (PID=969) to work on /home/airflow/.local/lib/python3.7/site-packages/airflow/example_dags/example_trigger_target_dag.py
[2022-05-14 18:16:54,595] {processor.py:641} INFO - Processing file /home/airflow/.local/lib/python3.7/site-packages/airflow/example_dags/example_trigger_target_dag.py for tasks to queue
[2022-05-14 18:16:54,596] {logging_mixin.py:115} INFO - [2022-05-14 18:16:54,596] {dagbag.py:507} INFO - Filling up the DagBag from /home/airflow/.local/lib/python3.7/site-packages/airflow/example_dags/example_trigger_target_dag.py
[2022-05-14 18:16:54,628] {processor.py:651} INFO - DAG(s) dict_keys(['example_trigger_target_dag']) retrieved from /home/airflow/.local/lib/python3.7/site-packages/airflow/example_dags/example_trigger_target_dag.py
[2022-05-14 18:16:54,826] {logging_mixin.py:115} INFO - [2022-05-14 18:16:54,826] {dag.py:2371} INFO - Sync 1 DAGs
[2022-05-14 18:16:54,854] {logging_mixin.py:115} INFO - [2022-05-14 18:16:54,854] {dag.py:2919} INFO - Setting next_dagrun for example_trigger_target_dag to None, run_after=None
[2022-05-14 18:16:54,870] {processor.py:161} INFO - Processing /home/airflow/.local/lib/python3.7/site-packages/airflow/example_dags/example_trigger_target_dag.py took 0.278 seconds
[2022-05-14 18:17:24,997] {processor.py:153} INFO - Started process (PID=1032) to work on /home/airflow/.local/lib/python3.7/site-packages/airflow/example_dags/example_trigger_target_dag.py
[2022-05-14 18:17:24,998] {processor.py:641} INFO - Processing file /home/airflow/.local/lib/python3.7/site-packages/airflow/example_dags/example_trigger_target_dag.py for tasks to queue
[2022-05-14 18:17:24,999] {logging_mixin.py:115} INFO - [2022-05-14 18:17:24,999] {dagbag.py:507} INFO - Filling up the DagBag from /home/airflow/.local/lib/python3.7/site-packages/airflow/example_dags/example_trigger_target_dag.py
[2022-05-14 18:17:25,016] {processor.py:651} INFO - DAG(s) dict_keys(['example_trigger_target_dag']) retrieved from /home/airflow/.local/lib/python3.7/site-packages/airflow/example_dags/example_trigger_target_dag.py
[2022-05-14 18:17:25,183] {logging_mixin.py:115} INFO - [2022-05-14 18:17:25,183] {dag.py:2371} INFO - Sync 1 DAGs
[2022-05-14 18:17:25,205] {logging_mixin.py:115} INFO - [2022-05-14 18:17:25,205] {dag.py:2919} INFO - Setting next_dagrun for example_trigger_target_dag to None, run_after=None
[2022-05-14 18:17:25,221] {processor.py:161} INFO - Processing /home/airflow/.local/lib/python3.7/site-packages/airflow/example_dags/example_trigger_target_dag.py took 0.227 seconds
[2022-05-14 18:17:55,584] {processor.py:153} INFO - Started process (PID=1086) to work on /home/airflow/.local/lib/python3.7/site-packages/airflow/example_dags/example_trigger_target_dag.py
[2022-05-14 18:17:55,585] {processor.py:641} INFO - Processing file /home/airflow/.local/lib/python3.7/site-packages/airflow/example_dags/example_trigger_target_dag.py for tasks to queue
[2022-05-14 18:17:55,586] {logging_mixin.py:115} INFO - [2022-05-14 18:17:55,586] {dagbag.py:507} INFO - Filling up the DagBag from /home/airflow/.local/lib/python3.7/site-packages/airflow/example_dags/example_trigger_target_dag.py
[2022-05-14 18:17:55,603] {processor.py:651} INFO - DAG(s) dict_keys(['example_trigger_target_dag']) retrieved from /home/airflow/.local/lib/python3.7/site-packages/airflow/example_dags/example_trigger_target_dag.py
[2022-05-14 18:17:55,751] {logging_mixin.py:115} INFO - [2022-05-14 18:17:55,751] {dag.py:2371} INFO - Sync 1 DAGs
[2022-05-14 18:17:55,773] {logging_mixin.py:115} INFO - [2022-05-14 18:17:55,773] {dag.py:2919} INFO - Setting next_dagrun for example_trigger_target_dag to None, run_after=None
[2022-05-14 18:17:55,795] {processor.py:161} INFO - Processing /home/airflow/.local/lib/python3.7/site-packages/airflow/example_dags/example_trigger_target_dag.py took 0.213 seconds
[2022-05-14 18:18:26,273] {processor.py:153} INFO - Started process (PID=1150) to work on /home/airflow/.local/lib/python3.7/site-packages/airflow/example_dags/example_trigger_target_dag.py
[2022-05-14 18:18:26,274] {processor.py:641} INFO - Processing file /home/airflow/.local/lib/python3.7/site-packages/airflow/example_dags/example_trigger_target_dag.py for tasks to queue
[2022-05-14 18:18:26,274] {logging_mixin.py:115} INFO - [2022-05-14 18:18:26,274] {dagbag.py:507} INFO - Filling up the DagBag from /home/airflow/.local/lib/python3.7/site-packages/airflow/example_dags/example_trigger_target_dag.py
[2022-05-14 18:18:26,299] {processor.py:651} INFO - DAG(s) dict_keys(['example_trigger_target_dag']) retrieved from /home/airflow/.local/lib/python3.7/site-packages/airflow/example_dags/example_trigger_target_dag.py
[2022-05-14 18:18:26,497] {logging_mixin.py:115} INFO - [2022-05-14 18:18:26,497] {dag.py:2371} INFO - Sync 1 DAGs
[2022-05-14 18:18:26,520] {logging_mixin.py:115} INFO - [2022-05-14 18:18:26,520] {dag.py:2919} INFO - Setting next_dagrun for example_trigger_target_dag to None, run_after=None
[2022-05-14 18:18:26,535] {processor.py:161} INFO - Processing /home/airflow/.local/lib/python3.7/site-packages/airflow/example_dags/example_trigger_target_dag.py took 0.265 seconds
[2022-05-14 18:18:56,603] {processor.py:153} INFO - Started process (PID=1214) to work on /home/airflow/.local/lib/python3.7/site-packages/airflow/example_dags/example_trigger_target_dag.py
[2022-05-14 18:18:56,604] {processor.py:641} INFO - Processing file /home/airflow/.local/lib/python3.7/site-packages/airflow/example_dags/example_trigger_target_dag.py for tasks to queue
[2022-05-14 18:18:56,605] {logging_mixin.py:115} INFO - [2022-05-14 18:18:56,604] {dagbag.py:507} INFO - Filling up the DagBag from /home/airflow/.local/lib/python3.7/site-packages/airflow/example_dags/example_trigger_target_dag.py
[2022-05-14 18:18:56,628] {processor.py:651} INFO - DAG(s) dict_keys(['example_trigger_target_dag']) retrieved from /home/airflow/.local/lib/python3.7/site-packages/airflow/example_dags/example_trigger_target_dag.py
[2022-05-14 18:18:56,657] {logging_mixin.py:115} INFO - [2022-05-14 18:18:56,656] {dag.py:2371} INFO - Sync 1 DAGs
[2022-05-14 18:18:56,685] {logging_mixin.py:115} INFO - [2022-05-14 18:18:56,685] {dag.py:2919} INFO - Setting next_dagrun for example_trigger_target_dag to None, run_after=None
[2022-05-14 18:18:56,701] {processor.py:161} INFO - Processing /home/airflow/.local/lib/python3.7/site-packages/airflow/example_dags/example_trigger_target_dag.py took 0.102 seconds
[2022-05-14 18:19:27,088] {processor.py:153} INFO - Started process (PID=1268) to work on /home/airflow/.local/lib/python3.7/site-packages/airflow/example_dags/example_trigger_target_dag.py
[2022-05-14 18:19:27,089] {processor.py:641} INFO - Processing file /home/airflow/.local/lib/python3.7/site-packages/airflow/example_dags/example_trigger_target_dag.py for tasks to queue
[2022-05-14 18:19:27,089] {logging_mixin.py:115} INFO - [2022-05-14 18:19:27,089] {dagbag.py:507} INFO - Filling up the DagBag from /home/airflow/.local/lib/python3.7/site-packages/airflow/example_dags/example_trigger_target_dag.py
[2022-05-14 18:19:27,107] {processor.py:651} INFO - DAG(s) dict_keys(['example_trigger_target_dag']) retrieved from /home/airflow/.local/lib/python3.7/site-packages/airflow/example_dags/example_trigger_target_dag.py
[2022-05-14 18:19:27,133] {logging_mixin.py:115} INFO - [2022-05-14 18:19:27,132] {dag.py:2371} INFO - Sync 1 DAGs
[2022-05-14 18:19:27,157] {logging_mixin.py:115} INFO - [2022-05-14 18:19:27,157] {dag.py:2919} INFO - Setting next_dagrun for example_trigger_target_dag to None, run_after=None
[2022-05-14 18:19:27,172] {processor.py:161} INFO - Processing /home/airflow/.local/lib/python3.7/site-packages/airflow/example_dags/example_trigger_target_dag.py took 0.086 seconds
[2022-05-14 18:19:57,290] {processor.py:153} INFO - Started process (PID=1331) to work on /home/airflow/.local/lib/python3.7/site-packages/airflow/example_dags/example_trigger_target_dag.py
[2022-05-14 18:19:57,291] {processor.py:641} INFO - Processing file /home/airflow/.local/lib/python3.7/site-packages/airflow/example_dags/example_trigger_target_dag.py for tasks to queue
[2022-05-14 18:19:57,291] {logging_mixin.py:115} INFO - [2022-05-14 18:19:57,291] {dagbag.py:507} INFO - Filling up the DagBag from /home/airflow/.local/lib/python3.7/site-packages/airflow/example_dags/example_trigger_target_dag.py
[2022-05-14 18:19:57,310] {processor.py:651} INFO - DAG(s) dict_keys(['example_trigger_target_dag']) retrieved from /home/airflow/.local/lib/python3.7/site-packages/airflow/example_dags/example_trigger_target_dag.py
[2022-05-14 18:19:57,331] {logging_mixin.py:115} INFO - [2022-05-14 18:19:57,331] {dag.py:2371} INFO - Sync 1 DAGs
[2022-05-14 18:19:57,353] {logging_mixin.py:115} INFO - [2022-05-14 18:19:57,353] {dag.py:2919} INFO - Setting next_dagrun for example_trigger_target_dag to None, run_after=None
[2022-05-14 18:19:57,366] {processor.py:161} INFO - Processing /home/airflow/.local/lib/python3.7/site-packages/airflow/example_dags/example_trigger_target_dag.py took 0.078 seconds
[2022-05-14 18:20:27,592] {processor.py:153} INFO - Started process (PID=1386) to work on /home/airflow/.local/lib/python3.7/site-packages/airflow/example_dags/example_trigger_target_dag.py
[2022-05-14 18:20:27,592] {processor.py:641} INFO - Processing file /home/airflow/.local/lib/python3.7/site-packages/airflow/example_dags/example_trigger_target_dag.py for tasks to queue
[2022-05-14 18:20:27,593] {logging_mixin.py:115} INFO - [2022-05-14 18:20:27,593] {dagbag.py:507} INFO - Filling up the DagBag from /home/airflow/.local/lib/python3.7/site-packages/airflow/example_dags/example_trigger_target_dag.py
[2022-05-14 18:20:27,611] {processor.py:651} INFO - DAG(s) dict_keys(['example_trigger_target_dag']) retrieved from /home/airflow/.local/lib/python3.7/site-packages/airflow/example_dags/example_trigger_target_dag.py
[2022-05-14 18:20:27,637] {logging_mixin.py:115} INFO - [2022-05-14 18:20:27,637] {dag.py:2371} INFO - Sync 1 DAGs
[2022-05-14 18:20:27,670] {logging_mixin.py:115} INFO - [2022-05-14 18:20:27,670] {dag.py:2919} INFO - Setting next_dagrun for example_trigger_target_dag to None, run_after=None
[2022-05-14 18:20:27,688] {processor.py:161} INFO - Processing /home/airflow/.local/lib/python3.7/site-packages/airflow/example_dags/example_trigger_target_dag.py took 0.099 seconds
