[2022-05-14 18:08:53,204] {processor.py:153} INFO - Started process (PID=59) to work on /home/airflow/.local/lib/python3.7/site-packages/airflow/example_dags/example_complex.py
[2022-05-14 18:08:53,205] {processor.py:641} INFO - Processing file /home/airflow/.local/lib/python3.7/site-packages/airflow/example_dags/example_complex.py for tasks to queue
[2022-05-14 18:08:53,206] {logging_mixin.py:115} INFO - [2022-05-14 18:08:53,206] {dagbag.py:507} INFO - Filling up the DagBag from /home/airflow/.local/lib/python3.7/site-packages/airflow/example_dags/example_complex.py
[2022-05-14 18:08:53,228] {processor.py:651} INFO - DAG(s) dict_keys(['example_complex']) retrieved from /home/airflow/.local/lib/python3.7/site-packages/airflow/example_dags/example_complex.py
[2022-05-14 18:08:53,576] {logging_mixin.py:115} INFO - [2022-05-14 18:08:53,576] {manager.py:508} INFO - Created Permission View: can read on DAG:example_complex
[2022-05-14 18:08:53,594] {logging_mixin.py:115} INFO - [2022-05-14 18:08:53,594] {manager.py:508} INFO - Created Permission View: can edit on DAG:example_complex
[2022-05-14 18:08:53,614] {logging_mixin.py:115} INFO - [2022-05-14 18:08:53,614] {manager.py:508} INFO - Created Permission View: can delete on DAG:example_complex
[2022-05-14 18:08:53,615] {logging_mixin.py:115} INFO - [2022-05-14 18:08:53,615] {dag.py:2371} INFO - Sync 1 DAGs
[2022-05-14 18:08:53,628] {logging_mixin.py:115} INFO - [2022-05-14 18:08:53,628] {dag.py:2390} INFO - Creating ORM DAG for example_complex
[2022-05-14 18:08:53,651] {logging_mixin.py:115} INFO - [2022-05-14 18:08:53,651] {dag.py:2919} INFO - Setting next_dagrun for example_complex to None, run_after=None
[2022-05-14 18:08:53,828] {processor.py:161} INFO - Processing /home/airflow/.local/lib/python3.7/site-packages/airflow/example_dags/example_complex.py took 0.628 seconds
[2022-05-14 18:09:23,954] {processor.py:153} INFO - Started process (PID=121) to work on /home/airflow/.local/lib/python3.7/site-packages/airflow/example_dags/example_complex.py
[2022-05-14 18:09:23,955] {processor.py:641} INFO - Processing file /home/airflow/.local/lib/python3.7/site-packages/airflow/example_dags/example_complex.py for tasks to queue
[2022-05-14 18:09:23,956] {logging_mixin.py:115} INFO - [2022-05-14 18:09:23,955] {dagbag.py:507} INFO - Filling up the DagBag from /home/airflow/.local/lib/python3.7/site-packages/airflow/example_dags/example_complex.py
[2022-05-14 18:09:23,970] {processor.py:651} INFO - DAG(s) dict_keys(['example_complex']) retrieved from /home/airflow/.local/lib/python3.7/site-packages/airflow/example_dags/example_complex.py
[2022-05-14 18:09:24,015] {logging_mixin.py:115} INFO - [2022-05-14 18:09:24,014] {dag.py:2371} INFO - Sync 1 DAGs
[2022-05-14 18:09:24,190] {logging_mixin.py:115} INFO - [2022-05-14 18:09:24,190] {dag.py:2919} INFO - Setting next_dagrun for example_complex to None, run_after=None
[2022-05-14 18:09:24,209] {processor.py:161} INFO - Processing /home/airflow/.local/lib/python3.7/site-packages/airflow/example_dags/example_complex.py took 0.259 seconds
[2022-05-14 18:09:54,402] {processor.py:153} INFO - Started process (PID=174) to work on /home/airflow/.local/lib/python3.7/site-packages/airflow/example_dags/example_complex.py
[2022-05-14 18:09:54,403] {processor.py:641} INFO - Processing file /home/airflow/.local/lib/python3.7/site-packages/airflow/example_dags/example_complex.py for tasks to queue
[2022-05-14 18:09:54,404] {logging_mixin.py:115} INFO - [2022-05-14 18:09:54,404] {dagbag.py:507} INFO - Filling up the DagBag from /home/airflow/.local/lib/python3.7/site-packages/airflow/example_dags/example_complex.py
[2022-05-14 18:09:54,419] {processor.py:651} INFO - DAG(s) dict_keys(['example_complex']) retrieved from /home/airflow/.local/lib/python3.7/site-packages/airflow/example_dags/example_complex.py
[2022-05-14 18:09:54,457] {logging_mixin.py:115} INFO - [2022-05-14 18:09:54,457] {dag.py:2371} INFO - Sync 1 DAGs
[2022-05-14 18:09:54,627] {logging_mixin.py:115} INFO - [2022-05-14 18:09:54,627] {dag.py:2919} INFO - Setting next_dagrun for example_complex to None, run_after=None
[2022-05-14 18:09:54,644] {processor.py:161} INFO - Processing /home/airflow/.local/lib/python3.7/site-packages/airflow/example_dags/example_complex.py took 0.244 seconds
[2022-05-14 18:10:25,482] {processor.py:153} INFO - Started process (PID=237) to work on /home/airflow/.local/lib/python3.7/site-packages/airflow/example_dags/example_complex.py
[2022-05-14 18:10:25,483] {processor.py:641} INFO - Processing file /home/airflow/.local/lib/python3.7/site-packages/airflow/example_dags/example_complex.py for tasks to queue
[2022-05-14 18:10:25,484] {logging_mixin.py:115} INFO - [2022-05-14 18:10:25,483] {dagbag.py:507} INFO - Filling up the DagBag from /home/airflow/.local/lib/python3.7/site-packages/airflow/example_dags/example_complex.py
[2022-05-14 18:10:25,497] {processor.py:651} INFO - DAG(s) dict_keys(['example_complex']) retrieved from /home/airflow/.local/lib/python3.7/site-packages/airflow/example_dags/example_complex.py
[2022-05-14 18:10:25,534] {logging_mixin.py:115} INFO - [2022-05-14 18:10:25,534] {dag.py:2371} INFO - Sync 1 DAGs
[2022-05-14 18:10:25,668] {logging_mixin.py:115} INFO - [2022-05-14 18:10:25,667] {dag.py:2919} INFO - Setting next_dagrun for example_complex to None, run_after=None
[2022-05-14 18:10:25,688] {processor.py:161} INFO - Processing /home/airflow/.local/lib/python3.7/site-packages/airflow/example_dags/example_complex.py took 0.208 seconds
[2022-05-14 18:10:55,910] {processor.py:153} INFO - Started process (PID=290) to work on /home/airflow/.local/lib/python3.7/site-packages/airflow/example_dags/example_complex.py
[2022-05-14 18:10:55,911] {processor.py:641} INFO - Processing file /home/airflow/.local/lib/python3.7/site-packages/airflow/example_dags/example_complex.py for tasks to queue
[2022-05-14 18:10:55,911] {logging_mixin.py:115} INFO - [2022-05-14 18:10:55,911] {dagbag.py:507} INFO - Filling up the DagBag from /home/airflow/.local/lib/python3.7/site-packages/airflow/example_dags/example_complex.py
[2022-05-14 18:10:55,924] {processor.py:651} INFO - DAG(s) dict_keys(['example_complex']) retrieved from /home/airflow/.local/lib/python3.7/site-packages/airflow/example_dags/example_complex.py
[2022-05-14 18:10:55,963] {logging_mixin.py:115} INFO - [2022-05-14 18:10:55,962] {dag.py:2371} INFO - Sync 1 DAGs
[2022-05-14 18:10:56,080] {logging_mixin.py:115} INFO - [2022-05-14 18:10:56,080] {dag.py:2919} INFO - Setting next_dagrun for example_complex to None, run_after=None
[2022-05-14 18:10:56,093] {processor.py:161} INFO - Processing /home/airflow/.local/lib/python3.7/site-packages/airflow/example_dags/example_complex.py took 0.186 seconds
[2022-05-14 18:11:26,299] {processor.py:153} INFO - Started process (PID=351) to work on /home/airflow/.local/lib/python3.7/site-packages/airflow/example_dags/example_complex.py
[2022-05-14 18:11:26,300] {processor.py:641} INFO - Processing file /home/airflow/.local/lib/python3.7/site-packages/airflow/example_dags/example_complex.py for tasks to queue
[2022-05-14 18:11:26,301] {logging_mixin.py:115} INFO - [2022-05-14 18:11:26,301] {dagbag.py:507} INFO - Filling up the DagBag from /home/airflow/.local/lib/python3.7/site-packages/airflow/example_dags/example_complex.py
[2022-05-14 18:11:26,322] {processor.py:651} INFO - DAG(s) dict_keys(['example_complex']) retrieved from /home/airflow/.local/lib/python3.7/site-packages/airflow/example_dags/example_complex.py
[2022-05-14 18:11:26,369] {logging_mixin.py:115} INFO - [2022-05-14 18:11:26,369] {dag.py:2371} INFO - Sync 1 DAGs
[2022-05-14 18:11:26,532] {logging_mixin.py:115} INFO - [2022-05-14 18:11:26,532] {dag.py:2919} INFO - Setting next_dagrun for example_complex to None, run_after=None
[2022-05-14 18:11:26,549] {processor.py:161} INFO - Processing /home/airflow/.local/lib/python3.7/site-packages/airflow/example_dags/example_complex.py took 0.253 seconds
[2022-05-14 18:11:56,896] {processor.py:153} INFO - Started process (PID=414) to work on /home/airflow/.local/lib/python3.7/site-packages/airflow/example_dags/example_complex.py
[2022-05-14 18:11:56,898] {processor.py:641} INFO - Processing file /home/airflow/.local/lib/python3.7/site-packages/airflow/example_dags/example_complex.py for tasks to queue
[2022-05-14 18:11:56,900] {logging_mixin.py:115} INFO - [2022-05-14 18:11:56,900] {dagbag.py:507} INFO - Filling up the DagBag from /home/airflow/.local/lib/python3.7/site-packages/airflow/example_dags/example_complex.py
[2022-05-14 18:11:56,926] {processor.py:651} INFO - DAG(s) dict_keys(['example_complex']) retrieved from /home/airflow/.local/lib/python3.7/site-packages/airflow/example_dags/example_complex.py
[2022-05-14 18:11:56,979] {logging_mixin.py:115} INFO - [2022-05-14 18:11:56,978] {dag.py:2371} INFO - Sync 1 DAGs
[2022-05-14 18:11:57,175] {logging_mixin.py:115} INFO - [2022-05-14 18:11:57,175] {dag.py:2919} INFO - Setting next_dagrun for example_complex to None, run_after=None
[2022-05-14 18:11:57,194] {processor.py:161} INFO - Processing /home/airflow/.local/lib/python3.7/site-packages/airflow/example_dags/example_complex.py took 0.304 seconds
[2022-05-14 18:12:27,410] {processor.py:153} INFO - Started process (PID=467) to work on /home/airflow/.local/lib/python3.7/site-packages/airflow/example_dags/example_complex.py
[2022-05-14 18:12:27,411] {processor.py:641} INFO - Processing file /home/airflow/.local/lib/python3.7/site-packages/airflow/example_dags/example_complex.py for tasks to queue
[2022-05-14 18:12:27,412] {logging_mixin.py:115} INFO - [2022-05-14 18:12:27,411] {dagbag.py:507} INFO - Filling up the DagBag from /home/airflow/.local/lib/python3.7/site-packages/airflow/example_dags/example_complex.py
[2022-05-14 18:12:27,426] {processor.py:651} INFO - DAG(s) dict_keys(['example_complex']) retrieved from /home/airflow/.local/lib/python3.7/site-packages/airflow/example_dags/example_complex.py
[2022-05-14 18:12:27,468] {logging_mixin.py:115} INFO - [2022-05-14 18:12:27,468] {dag.py:2371} INFO - Sync 1 DAGs
[2022-05-14 18:12:27,619] {logging_mixin.py:115} INFO - [2022-05-14 18:12:27,618] {dag.py:2919} INFO - Setting next_dagrun for example_complex to None, run_after=None
[2022-05-14 18:12:27,653] {processor.py:161} INFO - Processing /home/airflow/.local/lib/python3.7/site-packages/airflow/example_dags/example_complex.py took 0.246 seconds
[2022-05-14 18:12:58,525] {processor.py:153} INFO - Started process (PID=530) to work on /home/airflow/.local/lib/python3.7/site-packages/airflow/example_dags/example_complex.py
[2022-05-14 18:12:58,526] {processor.py:641} INFO - Processing file /home/airflow/.local/lib/python3.7/site-packages/airflow/example_dags/example_complex.py for tasks to queue
[2022-05-14 18:12:58,528] {logging_mixin.py:115} INFO - [2022-05-14 18:12:58,527] {dagbag.py:507} INFO - Filling up the DagBag from /home/airflow/.local/lib/python3.7/site-packages/airflow/example_dags/example_complex.py
[2022-05-14 18:12:58,555] {processor.py:651} INFO - DAG(s) dict_keys(['example_complex']) retrieved from /home/airflow/.local/lib/python3.7/site-packages/airflow/example_dags/example_complex.py
[2022-05-14 18:12:58,610] {logging_mixin.py:115} INFO - [2022-05-14 18:12:58,610] {dag.py:2371} INFO - Sync 1 DAGs
[2022-05-14 18:12:58,830] {logging_mixin.py:115} INFO - [2022-05-14 18:12:58,830] {dag.py:2919} INFO - Setting next_dagrun for example_complex to None, run_after=None
[2022-05-14 18:12:58,854] {processor.py:161} INFO - Processing /home/airflow/.local/lib/python3.7/site-packages/airflow/example_dags/example_complex.py took 0.334 seconds
[2022-05-14 18:13:29,320] {processor.py:153} INFO - Started process (PID=583) to work on /home/airflow/.local/lib/python3.7/site-packages/airflow/example_dags/example_complex.py
[2022-05-14 18:13:29,321] {processor.py:641} INFO - Processing file /home/airflow/.local/lib/python3.7/site-packages/airflow/example_dags/example_complex.py for tasks to queue
[2022-05-14 18:13:29,322] {logging_mixin.py:115} INFO - [2022-05-14 18:13:29,321] {dagbag.py:507} INFO - Filling up the DagBag from /home/airflow/.local/lib/python3.7/site-packages/airflow/example_dags/example_complex.py
[2022-05-14 18:13:29,336] {processor.py:651} INFO - DAG(s) dict_keys(['example_complex']) retrieved from /home/airflow/.local/lib/python3.7/site-packages/airflow/example_dags/example_complex.py
[2022-05-14 18:13:29,377] {logging_mixin.py:115} INFO - [2022-05-14 18:13:29,377] {dag.py:2371} INFO - Sync 1 DAGs
[2022-05-14 18:13:29,541] {logging_mixin.py:115} INFO - [2022-05-14 18:13:29,541] {dag.py:2919} INFO - Setting next_dagrun for example_complex to None, run_after=None
[2022-05-14 18:13:29,573] {processor.py:161} INFO - Processing /home/airflow/.local/lib/python3.7/site-packages/airflow/example_dags/example_complex.py took 0.255 seconds
[2022-05-14 18:14:00,537] {processor.py:153} INFO - Started process (PID=647) to work on /home/airflow/.local/lib/python3.7/site-packages/airflow/example_dags/example_complex.py
[2022-05-14 18:14:00,538] {processor.py:641} INFO - Processing file /home/airflow/.local/lib/python3.7/site-packages/airflow/example_dags/example_complex.py for tasks to queue
[2022-05-14 18:14:00,539] {logging_mixin.py:115} INFO - [2022-05-14 18:14:00,539] {dagbag.py:507} INFO - Filling up the DagBag from /home/airflow/.local/lib/python3.7/site-packages/airflow/example_dags/example_complex.py
[2022-05-14 18:14:00,554] {processor.py:651} INFO - DAG(s) dict_keys(['example_complex']) retrieved from /home/airflow/.local/lib/python3.7/site-packages/airflow/example_dags/example_complex.py
[2022-05-14 18:14:00,591] {logging_mixin.py:115} INFO - [2022-05-14 18:14:00,591] {dag.py:2371} INFO - Sync 1 DAGs
[2022-05-14 18:14:00,736] {logging_mixin.py:115} INFO - [2022-05-14 18:14:00,736] {dag.py:2919} INFO - Setting next_dagrun for example_complex to None, run_after=None
[2022-05-14 18:14:00,771] {processor.py:161} INFO - Processing /home/airflow/.local/lib/python3.7/site-packages/airflow/example_dags/example_complex.py took 0.236 seconds
[2022-05-14 18:14:36,834] {processor.py:153} INFO - Started process (PID=701) to work on /home/airflow/.local/lib/python3.7/site-packages/airflow/example_dags/example_complex.py
[2022-05-14 18:14:36,835] {processor.py:641} INFO - Processing file /home/airflow/.local/lib/python3.7/site-packages/airflow/example_dags/example_complex.py for tasks to queue
[2022-05-14 18:14:36,836] {logging_mixin.py:115} INFO - [2022-05-14 18:14:36,836] {dagbag.py:507} INFO - Filling up the DagBag from /home/airflow/.local/lib/python3.7/site-packages/airflow/example_dags/example_complex.py
[2022-05-14 18:14:36,857] {processor.py:651} INFO - DAG(s) dict_keys(['example_complex']) retrieved from /home/airflow/.local/lib/python3.7/site-packages/airflow/example_dags/example_complex.py
[2022-05-14 18:14:36,895] {logging_mixin.py:115} INFO - [2022-05-14 18:14:36,895] {dag.py:2371} INFO - Sync 1 DAGs
[2022-05-14 18:14:37,038] {logging_mixin.py:115} INFO - [2022-05-14 18:14:37,038] {dag.py:2919} INFO - Setting next_dagrun for example_complex to None, run_after=None
[2022-05-14 18:14:39,232] {processor.py:161} INFO - Processing /home/airflow/.local/lib/python3.7/site-packages/airflow/example_dags/example_complex.py took 2.401 seconds
[2022-05-14 18:15:09,278] {processor.py:153} INFO - Started process (PID=765) to work on /home/airflow/.local/lib/python3.7/site-packages/airflow/example_dags/example_complex.py
[2022-05-14 18:15:09,279] {processor.py:641} INFO - Processing file /home/airflow/.local/lib/python3.7/site-packages/airflow/example_dags/example_complex.py for tasks to queue
[2022-05-14 18:15:09,280] {logging_mixin.py:115} INFO - [2022-05-14 18:15:09,280] {dagbag.py:507} INFO - Filling up the DagBag from /home/airflow/.local/lib/python3.7/site-packages/airflow/example_dags/example_complex.py
[2022-05-14 18:15:09,295] {processor.py:651} INFO - DAG(s) dict_keys(['example_complex']) retrieved from /home/airflow/.local/lib/python3.7/site-packages/airflow/example_dags/example_complex.py
[2022-05-14 18:15:09,333] {logging_mixin.py:115} INFO - [2022-05-14 18:15:09,333] {dag.py:2371} INFO - Sync 1 DAGs
[2022-05-14 18:15:09,475] {logging_mixin.py:115} INFO - [2022-05-14 18:15:09,475] {dag.py:2919} INFO - Setting next_dagrun for example_complex to None, run_after=None
[2022-05-14 18:15:09,517] {processor.py:161} INFO - Processing /home/airflow/.local/lib/python3.7/site-packages/airflow/example_dags/example_complex.py took 0.242 seconds
[2022-05-14 18:15:39,722] {processor.py:153} INFO - Started process (PID=821) to work on /home/airflow/.local/lib/python3.7/site-packages/airflow/example_dags/example_complex.py
[2022-05-14 18:15:39,722] {processor.py:641} INFO - Processing file /home/airflow/.local/lib/python3.7/site-packages/airflow/example_dags/example_complex.py for tasks to queue
[2022-05-14 18:15:39,723] {logging_mixin.py:115} INFO - [2022-05-14 18:15:39,723] {dagbag.py:507} INFO - Filling up the DagBag from /home/airflow/.local/lib/python3.7/site-packages/airflow/example_dags/example_complex.py
[2022-05-14 18:15:39,736] {processor.py:651} INFO - DAG(s) dict_keys(['example_complex']) retrieved from /home/airflow/.local/lib/python3.7/site-packages/airflow/example_dags/example_complex.py
[2022-05-14 18:15:39,773] {logging_mixin.py:115} INFO - [2022-05-14 18:15:39,773] {dag.py:2371} INFO - Sync 1 DAGs
[2022-05-14 18:15:39,926] {logging_mixin.py:115} INFO - [2022-05-14 18:15:39,925] {dag.py:2919} INFO - Setting next_dagrun for example_complex to None, run_after=None
[2022-05-14 18:15:40,017] {processor.py:161} INFO - Processing /home/airflow/.local/lib/python3.7/site-packages/airflow/example_dags/example_complex.py took 0.297 seconds
[2022-05-14 18:16:10,611] {processor.py:153} INFO - Started process (PID=885) to work on /home/airflow/.local/lib/python3.7/site-packages/airflow/example_dags/example_complex.py
[2022-05-14 18:16:10,612] {processor.py:641} INFO - Processing file /home/airflow/.local/lib/python3.7/site-packages/airflow/example_dags/example_complex.py for tasks to queue
[2022-05-14 18:16:10,613] {logging_mixin.py:115} INFO - [2022-05-14 18:16:10,613] {dagbag.py:507} INFO - Filling up the DagBag from /home/airflow/.local/lib/python3.7/site-packages/airflow/example_dags/example_complex.py
[2022-05-14 18:16:10,632] {processor.py:651} INFO - DAG(s) dict_keys(['example_complex']) retrieved from /home/airflow/.local/lib/python3.7/site-packages/airflow/example_dags/example_complex.py
[2022-05-14 18:16:10,670] {logging_mixin.py:115} INFO - [2022-05-14 18:16:10,670] {dag.py:2371} INFO - Sync 1 DAGs
[2022-05-14 18:16:10,858] {logging_mixin.py:115} INFO - [2022-05-14 18:16:10,858] {dag.py:2919} INFO - Setting next_dagrun for example_complex to None, run_after=None
[2022-05-14 18:16:10,949] {processor.py:161} INFO - Processing /home/airflow/.local/lib/python3.7/site-packages/airflow/example_dags/example_complex.py took 0.342 seconds
[2022-05-14 18:16:41,103] {processor.py:153} INFO - Started process (PID=939) to work on /home/airflow/.local/lib/python3.7/site-packages/airflow/example_dags/example_complex.py
[2022-05-14 18:16:41,104] {processor.py:641} INFO - Processing file /home/airflow/.local/lib/python3.7/site-packages/airflow/example_dags/example_complex.py for tasks to queue
[2022-05-14 18:16:41,105] {logging_mixin.py:115} INFO - [2022-05-14 18:16:41,105] {dagbag.py:507} INFO - Filling up the DagBag from /home/airflow/.local/lib/python3.7/site-packages/airflow/example_dags/example_complex.py
[2022-05-14 18:16:41,119] {processor.py:651} INFO - DAG(s) dict_keys(['example_complex']) retrieved from /home/airflow/.local/lib/python3.7/site-packages/airflow/example_dags/example_complex.py
[2022-05-14 18:16:41,156] {logging_mixin.py:115} INFO - [2022-05-14 18:16:41,156] {dag.py:2371} INFO - Sync 1 DAGs
[2022-05-14 18:16:41,276] {logging_mixin.py:115} INFO - [2022-05-14 18:16:41,276] {dag.py:2919} INFO - Setting next_dagrun for example_complex to None, run_after=None
[2022-05-14 18:16:41,291] {processor.py:161} INFO - Processing /home/airflow/.local/lib/python3.7/site-packages/airflow/example_dags/example_complex.py took 0.190 seconds
[2022-05-14 18:17:11,335] {processor.py:153} INFO - Started process (PID=1003) to work on /home/airflow/.local/lib/python3.7/site-packages/airflow/example_dags/example_complex.py
[2022-05-14 18:17:11,336] {processor.py:641} INFO - Processing file /home/airflow/.local/lib/python3.7/site-packages/airflow/example_dags/example_complex.py for tasks to queue
[2022-05-14 18:17:11,338] {logging_mixin.py:115} INFO - [2022-05-14 18:17:11,337] {dagbag.py:507} INFO - Filling up the DagBag from /home/airflow/.local/lib/python3.7/site-packages/airflow/example_dags/example_complex.py
[2022-05-14 18:17:11,361] {processor.py:651} INFO - DAG(s) dict_keys(['example_complex']) retrieved from /home/airflow/.local/lib/python3.7/site-packages/airflow/example_dags/example_complex.py
[2022-05-14 18:17:11,413] {logging_mixin.py:115} INFO - [2022-05-14 18:17:11,413] {dag.py:2371} INFO - Sync 1 DAGs
[2022-05-14 18:17:11,604] {logging_mixin.py:115} INFO - [2022-05-14 18:17:11,604] {dag.py:2919} INFO - Setting next_dagrun for example_complex to None, run_after=None
[2022-05-14 18:17:11,623] {processor.py:161} INFO - Processing /home/airflow/.local/lib/python3.7/site-packages/airflow/example_dags/example_complex.py took 0.291 seconds
[2022-05-14 18:17:41,709] {processor.py:153} INFO - Started process (PID=1057) to work on /home/airflow/.local/lib/python3.7/site-packages/airflow/example_dags/example_complex.py
[2022-05-14 18:17:41,710] {processor.py:641} INFO - Processing file /home/airflow/.local/lib/python3.7/site-packages/airflow/example_dags/example_complex.py for tasks to queue
[2022-05-14 18:17:41,710] {logging_mixin.py:115} INFO - [2022-05-14 18:17:41,710] {dagbag.py:507} INFO - Filling up the DagBag from /home/airflow/.local/lib/python3.7/site-packages/airflow/example_dags/example_complex.py
[2022-05-14 18:17:41,723] {processor.py:651} INFO - DAG(s) dict_keys(['example_complex']) retrieved from /home/airflow/.local/lib/python3.7/site-packages/airflow/example_dags/example_complex.py
[2022-05-14 18:17:41,757] {logging_mixin.py:115} INFO - [2022-05-14 18:17:41,757] {dag.py:2371} INFO - Sync 1 DAGs
[2022-05-14 18:17:41,876] {logging_mixin.py:115} INFO - [2022-05-14 18:17:41,876] {dag.py:2919} INFO - Setting next_dagrun for example_complex to None, run_after=None
[2022-05-14 18:17:41,902] {processor.py:161} INFO - Processing /home/airflow/.local/lib/python3.7/site-packages/airflow/example_dags/example_complex.py took 0.195 seconds
[2022-05-14 18:18:12,092] {processor.py:153} INFO - Started process (PID=1120) to work on /home/airflow/.local/lib/python3.7/site-packages/airflow/example_dags/example_complex.py
[2022-05-14 18:18:12,093] {processor.py:641} INFO - Processing file /home/airflow/.local/lib/python3.7/site-packages/airflow/example_dags/example_complex.py for tasks to queue
[2022-05-14 18:18:12,094] {logging_mixin.py:115} INFO - [2022-05-14 18:18:12,094] {dagbag.py:507} INFO - Filling up the DagBag from /home/airflow/.local/lib/python3.7/site-packages/airflow/example_dags/example_complex.py
[2022-05-14 18:18:12,109] {processor.py:651} INFO - DAG(s) dict_keys(['example_complex']) retrieved from /home/airflow/.local/lib/python3.7/site-packages/airflow/example_dags/example_complex.py
[2022-05-14 18:18:12,293] {logging_mixin.py:115} INFO - [2022-05-14 18:18:12,292] {dag.py:2371} INFO - Sync 1 DAGs
[2022-05-14 18:18:12,317] {logging_mixin.py:115} INFO - [2022-05-14 18:18:12,316] {dag.py:2919} INFO - Setting next_dagrun for example_complex to None, run_after=None
[2022-05-14 18:18:12,331] {processor.py:161} INFO - Processing /home/airflow/.local/lib/python3.7/site-packages/airflow/example_dags/example_complex.py took 0.241 seconds
[2022-05-14 18:18:42,692] {processor.py:153} INFO - Started process (PID=1175) to work on /home/airflow/.local/lib/python3.7/site-packages/airflow/example_dags/example_complex.py
[2022-05-14 18:18:42,693] {processor.py:641} INFO - Processing file /home/airflow/.local/lib/python3.7/site-packages/airflow/example_dags/example_complex.py for tasks to queue
[2022-05-14 18:18:42,694] {logging_mixin.py:115} INFO - [2022-05-14 18:18:42,694] {dagbag.py:507} INFO - Filling up the DagBag from /home/airflow/.local/lib/python3.7/site-packages/airflow/example_dags/example_complex.py
[2022-05-14 18:18:42,708] {processor.py:651} INFO - DAG(s) dict_keys(['example_complex']) retrieved from /home/airflow/.local/lib/python3.7/site-packages/airflow/example_dags/example_complex.py
[2022-05-14 18:18:42,914] {logging_mixin.py:115} INFO - [2022-05-14 18:18:42,914] {dag.py:2371} INFO - Sync 1 DAGs
[2022-05-14 18:18:42,955] {logging_mixin.py:115} INFO - [2022-05-14 18:18:42,954] {dag.py:2919} INFO - Setting next_dagrun for example_complex to None, run_after=None
[2022-05-14 18:18:42,972] {processor.py:161} INFO - Processing /home/airflow/.local/lib/python3.7/site-packages/airflow/example_dags/example_complex.py took 0.283 seconds
[2022-05-14 18:19:13,007] {processor.py:153} INFO - Started process (PID=1239) to work on /home/airflow/.local/lib/python3.7/site-packages/airflow/example_dags/example_complex.py
[2022-05-14 18:19:13,008] {processor.py:641} INFO - Processing file /home/airflow/.local/lib/python3.7/site-packages/airflow/example_dags/example_complex.py for tasks to queue
[2022-05-14 18:19:13,009] {logging_mixin.py:115} INFO - [2022-05-14 18:19:13,009] {dagbag.py:507} INFO - Filling up the DagBag from /home/airflow/.local/lib/python3.7/site-packages/airflow/example_dags/example_complex.py
[2022-05-14 18:19:13,025] {processor.py:651} INFO - DAG(s) dict_keys(['example_complex']) retrieved from /home/airflow/.local/lib/python3.7/site-packages/airflow/example_dags/example_complex.py
[2022-05-14 18:19:13,053] {logging_mixin.py:115} INFO - [2022-05-14 18:19:13,053] {dag.py:2371} INFO - Sync 1 DAGs
[2022-05-14 18:19:13,076] {logging_mixin.py:115} INFO - [2022-05-14 18:19:13,075] {dag.py:2919} INFO - Setting next_dagrun for example_complex to None, run_after=None
[2022-05-14 18:19:13,091] {processor.py:161} INFO - Processing /home/airflow/.local/lib/python3.7/site-packages/airflow/example_dags/example_complex.py took 0.086 seconds
[2022-05-14 18:19:43,176] {processor.py:153} INFO - Started process (PID=1302) to work on /home/airflow/.local/lib/python3.7/site-packages/airflow/example_dags/example_complex.py
[2022-05-14 18:19:43,177] {processor.py:641} INFO - Processing file /home/airflow/.local/lib/python3.7/site-packages/airflow/example_dags/example_complex.py for tasks to queue
[2022-05-14 18:19:43,178] {logging_mixin.py:115} INFO - [2022-05-14 18:19:43,178] {dagbag.py:507} INFO - Filling up the DagBag from /home/airflow/.local/lib/python3.7/site-packages/airflow/example_dags/example_complex.py
[2022-05-14 18:19:43,194] {processor.py:651} INFO - DAG(s) dict_keys(['example_complex']) retrieved from /home/airflow/.local/lib/python3.7/site-packages/airflow/example_dags/example_complex.py
[2022-05-14 18:19:43,229] {logging_mixin.py:115} INFO - [2022-05-14 18:19:43,229] {dag.py:2371} INFO - Sync 1 DAGs
[2022-05-14 18:19:43,257] {logging_mixin.py:115} INFO - [2022-05-14 18:19:43,257] {dag.py:2919} INFO - Setting next_dagrun for example_complex to None, run_after=None
[2022-05-14 18:19:43,272] {processor.py:161} INFO - Processing /home/airflow/.local/lib/python3.7/site-packages/airflow/example_dags/example_complex.py took 0.098 seconds
[2022-05-14 18:20:13,480] {processor.py:153} INFO - Started process (PID=1357) to work on /home/airflow/.local/lib/python3.7/site-packages/airflow/example_dags/example_complex.py
[2022-05-14 18:20:13,481] {processor.py:641} INFO - Processing file /home/airflow/.local/lib/python3.7/site-packages/airflow/example_dags/example_complex.py for tasks to queue
[2022-05-14 18:20:13,482] {logging_mixin.py:115} INFO - [2022-05-14 18:20:13,482] {dagbag.py:507} INFO - Filling up the DagBag from /home/airflow/.local/lib/python3.7/site-packages/airflow/example_dags/example_complex.py
[2022-05-14 18:20:13,517] {processor.py:651} INFO - DAG(s) dict_keys(['example_complex']) retrieved from /home/airflow/.local/lib/python3.7/site-packages/airflow/example_dags/example_complex.py
[2022-05-14 18:20:13,564] {logging_mixin.py:115} INFO - [2022-05-14 18:20:13,564] {dag.py:2371} INFO - Sync 1 DAGs
[2022-05-14 18:20:13,596] {logging_mixin.py:115} INFO - [2022-05-14 18:20:13,596] {dag.py:2919} INFO - Setting next_dagrun for example_complex to None, run_after=None
[2022-05-14 18:20:13,616] {processor.py:161} INFO - Processing /home/airflow/.local/lib/python3.7/site-packages/airflow/example_dags/example_complex.py took 0.141 seconds
[2022-05-14 18:20:43,767] {processor.py:153} INFO - Started process (PID=1421) to work on /home/airflow/.local/lib/python3.7/site-packages/airflow/example_dags/example_complex.py
[2022-05-14 18:20:43,768] {processor.py:641} INFO - Processing file /home/airflow/.local/lib/python3.7/site-packages/airflow/example_dags/example_complex.py for tasks to queue
[2022-05-14 18:20:43,769] {logging_mixin.py:115} INFO - [2022-05-14 18:20:43,769] {dagbag.py:507} INFO - Filling up the DagBag from /home/airflow/.local/lib/python3.7/site-packages/airflow/example_dags/example_complex.py
[2022-05-14 18:20:43,787] {processor.py:651} INFO - DAG(s) dict_keys(['example_complex']) retrieved from /home/airflow/.local/lib/python3.7/site-packages/airflow/example_dags/example_complex.py
[2022-05-14 18:20:43,817] {logging_mixin.py:115} INFO - [2022-05-14 18:20:43,817] {dag.py:2371} INFO - Sync 1 DAGs
[2022-05-14 18:20:43,840] {logging_mixin.py:115} INFO - [2022-05-14 18:20:43,840] {dag.py:2919} INFO - Setting next_dagrun for example_complex to None, run_after=None
[2022-05-14 18:20:43,855] {processor.py:161} INFO - Processing /home/airflow/.local/lib/python3.7/site-packages/airflow/example_dags/example_complex.py took 0.091 seconds
